{"C:\\Users\\DJETHA\\eclipse-workspace\\Application\\Web\\simply-chat\\api\\middlewares\\authHandler.js": {"path":"C:\\Users\\DJETHA\\eclipse-workspace\\Application\\Web\\simply-chat\\api\\middlewares\\authHandler.js","statementMap":{"0":{"start":{"line":1,"column":12},"end":{"line":1,"column":35}},"1":{"start":{"line":2,"column":13},"end":{"line":2,"column":41}},"2":{"start":{"line":3,"column":15},"end":{"line":3,"column":46}},"3":{"start":{"line":14,"column":30},"end":{"line":55,"column":1}},"4":{"start":{"line":15,"column":4},"end":{"line":53,"column":5}},"5":{"start":{"line":16,"column":20},"end":{"line":16,"column":64}},"6":{"start":{"line":17,"column":8},"end":{"line":22,"column":9}},"7":{"start":{"line":18,"column":12},"end":{"line":21,"column":14}},"8":{"start":{"line":23,"column":8},"end":{"line":46,"column":10}},"9":{"start":{"line":24,"column":12},"end":{"line":29,"column":13}},"10":{"start":{"line":25,"column":16},"end":{"line":28,"column":18}},"11":{"start":{"line":30,"column":27},"end":{"line":30,"column":73}},"12":{"start":{"line":31,"column":8},"end":{"line":36,"column":9}},"13":{"start":{"line":32,"column":12},"end":{"line":35,"column":14}},"14":{"start":{"line":37,"column":28},"end":{"line":37,"column":55}},"15":{"start":{"line":38,"column":8},"end":{"line":38,"column":56}},"16":{"start":{"line":39,"column":8},"end":{"line":45,"column":14}},"17":{"start":{"line":49,"column":8},"end":{"line":52,"column":10}},"18":{"start":{"line":66,"column":23},"end":{"line":95,"column":1}},"19":{"start":{"line":67,"column":4},"end":{"line":93,"column":5}},"20":{"start":{"line":68,"column":20},"end":{"line":68,"column":64}},"21":{"start":{"line":69,"column":8},"end":{"line":74,"column":9}},"22":{"start":{"line":70,"column":12},"end":{"line":73,"column":14}},"23":{"start":{"line":75,"column":8},"end":{"line":86,"column":14}},"24":{"start":{"line":76,"column":12},"end":{"line":85,"column":15}},"25":{"start":{"line":77,"column":16},"end":{"line":77,"column":81}},"26":{"start":{"line":78,"column":16},"end":{"line":78,"column":23}},"27":{"start":{"line":81,"column":16},"end":{"line":84,"column":18}},"28":{"start":{"line":89,"column":12},"end":{"line":92,"column":10}},"29":{"start":{"line":106,"column":24},"end":{"line":141,"column":5}},"30":{"start":{"line":107,"column":4},"end":{"line":140,"column":9}},"31":{"start":{"line":108,"column":20},"end":{"line":108,"column":64}},"32":{"start":{"line":109,"column":8},"end":{"line":114,"column":9}},"33":{"start":{"line":110,"column":12},"end":{"line":113,"column":14}},"34":{"start":{"line":115,"column":8},"end":{"line":133,"column":10}},"35":{"start":{"line":116,"column":28},"end":{"line":116,"column":39}},"36":{"start":{"line":117,"column":28},"end":{"line":117,"column":45}},"37":{"start":{"line":118,"column":12},"end":{"line":132,"column":13}},"38":{"start":{"line":119,"column":27},"end":{"line":121,"column":18}},"39":{"start":{"line":122,"column":35},"end":{"line":122,"column":62}},"40":{"start":{"line":123,"column":16},"end":{"line":123,"column":48}},"41":{"start":{"line":124,"column":16},"end":{"line":124,"column":95}},"42":{"start":{"line":125,"column":16},"end":{"line":125,"column":30}},"43":{"start":{"line":128,"column":16},"end":{"line":131,"column":18}},"44":{"start":{"line":136,"column":8},"end":{"line":139,"column":14}},"45":{"start":{"line":143,"column":0},"end":{"line":143,"column":72}}},"fnMap":{"0":{"name":"(anonymous_0)","decl":{"start":{"line":14,"column":30},"end":{"line":14,"column":31}},"loc":{"start":{"line":14,"column":55},"end":{"line":55,"column":1}},"line":14},"1":{"name":"(anonymous_1)","decl":{"start":{"line":23,"column":50},"end":{"line":23,"column":51}},"loc":{"start":{"line":23,"column":76},"end":{"line":46,"column":9}},"line":23},"2":{"name":"(anonymous_2)","decl":{"start":{"line":66,"column":23},"end":{"line":66,"column":24}},"loc":{"start":{"line":66,"column":47},"end":{"line":95,"column":1}},"line":66},"3":{"name":"(anonymous_3)","decl":{"start":{"line":75,"column":50},"end":{"line":75,"column":51}},"loc":{"start":{"line":75,"column":80},"end":{"line":86,"column":13}},"line":75},"4":{"name":"(anonymous_4)","decl":{"start":{"line":106,"column":24},"end":{"line":106,"column":25}},"loc":{"start":{"line":106,"column":48},"end":{"line":141,"column":5}},"line":106},"5":{"name":"(anonymous_5)","decl":{"start":{"line":115,"column":50},"end":{"line":115,"column":51}},"loc":{"start":{"line":115,"column":79},"end":{"line":133,"column":9}},"line":115}},"branchMap":{"0":{"loc":{"start":{"line":17,"column":8},"end":{"line":22,"column":9}},"type":"if","locations":[{"start":{"line":17,"column":8},"end":{"line":22,"column":9}},{"start":{"line":17,"column":8},"end":{"line":22,"column":9}}],"line":17},"1":{"loc":{"start":{"line":24,"column":12},"end":{"line":29,"column":13}},"type":"if","locations":[{"start":{"line":24,"column":12},"end":{"line":29,"column":13}},{"start":{"line":24,"column":12},"end":{"line":29,"column":13}}],"line":24},"2":{"loc":{"start":{"line":31,"column":8},"end":{"line":36,"column":9}},"type":"if","locations":[{"start":{"line":31,"column":8},"end":{"line":36,"column":9}},{"start":{"line":31,"column":8},"end":{"line":36,"column":9}}],"line":31},"3":{"loc":{"start":{"line":69,"column":8},"end":{"line":74,"column":9}},"type":"if","locations":[{"start":{"line":69,"column":8},"end":{"line":74,"column":9}},{"start":{"line":69,"column":8},"end":{"line":74,"column":9}}],"line":69},"4":{"loc":{"start":{"line":76,"column":12},"end":{"line":85,"column":15}},"type":"if","locations":[{"start":{"line":76,"column":12},"end":{"line":85,"column":15}},{"start":{"line":76,"column":12},"end":{"line":85,"column":15}}],"line":76},"5":{"loc":{"start":{"line":109,"column":8},"end":{"line":114,"column":9}},"type":"if","locations":[{"start":{"line":109,"column":8},"end":{"line":114,"column":9}},{"start":{"line":109,"column":8},"end":{"line":114,"column":9}}],"line":109},"6":{"loc":{"start":{"line":118,"column":12},"end":{"line":132,"column":13}},"type":"if","locations":[{"start":{"line":118,"column":12},"end":{"line":132,"column":13}},{"start":{"line":118,"column":12},"end":{"line":132,"column":13}}],"line":118},"7":{"loc":{"start":{"line":118,"column":16},"end":{"line":118,"column":49}},"type":"binary-expr","locations":[{"start":{"line":118,"column":16},"end":{"line":118,"column":23}},{"start":{"line":118,"column":27},"end":{"line":118,"column":49}}],"line":118}},"s":{"0":4,"1":4,"2":4,"3":4,"4":2,"5":2,"6":2,"7":0,"8":2,"9":2,"10":1,"11":1,"12":1,"13":0,"14":1,"15":1,"16":1,"17":0,"18":4,"19":28,"20":28,"21":28,"22":0,"23":28,"24":28,"25":28,"26":28,"27":0,"28":0,"29":4,"30":29,"31":29,"32":29,"33":0,"34":29,"35":29,"36":29,"37":29,"38":28,"39":28,"40":28,"41":28,"42":28,"43":1,"44":0,"45":4},"f":{"0":2,"1":2,"2":28,"3":28,"4":29,"5":29},"b":{"0":[0,2],"1":[1,1],"2":[0,1],"3":[0,28],"4":[28,0],"5":[0,29],"6":[28,1],"7":[29,29]},"_coverageSchema":"43e27e138ebf9cfc5966b082cf9a028302ed4184","hash":"bf4006df379aa7e766794f20c4c34b7a43d5f08b"}
,"C:\\Users\\DJETHA\\eclipse-workspace\\Application\\Web\\simply-chat\\api\\middlewares\\errorHandler.js": {"path":"C:\\Users\\DJETHA\\eclipse-workspace\\Application\\Web\\simply-chat\\api\\middlewares\\errorHandler.js","statementMap":{"0":{"start":{"line":1,"column":23},"end":{"line":1,"column":54}},"1":{"start":{"line":14,"column":4},"end":{"line":14,"column":43}},"2":{"start":{"line":15,"column":4},"end":{"line":17,"column":6}},"3":{"start":{"line":20,"column":0},"end":{"line":20,"column":30}}},"fnMap":{"0":{"name":"errorHandler","decl":{"start":{"line":13,"column":9},"end":{"line":13,"column":21}},"loc":{"start":{"line":13,"column":45},"end":{"line":18,"column":1}},"line":13}},"branchMap":{"0":{"loc":{"start":{"line":15,"column":22},"end":{"line":15,"column":39}},"type":"binary-expr","locations":[{"start":{"line":15,"column":22},"end":{"line":15,"column":34}},{"start":{"line":15,"column":36},"end":{"line":15,"column":39}}],"line":15},"1":{"loc":{"start":{"line":16,"column":17},"end":{"line":16,"column":56}},"type":"binary-expr","locations":[{"start":{"line":16,"column":17},"end":{"line":16,"column":30}},{"start":{"line":16,"column":34},"end":{"line":16,"column":56}}],"line":16}},"s":{"0":4,"1":4,"2":4,"3":4},"f":{"0":4},"b":{"0":[4,2],"1":[4,0]},"_coverageSchema":"43e27e138ebf9cfc5966b082cf9a028302ed4184","hash":"20b96d5c5ae406e199ac229fb36884a4f7579a8c"}
,"C:\\Users\\DJETHA\\eclipse-workspace\\Application\\Web\\simply-chat\\api\\middlewares\\index.js": {"path":"C:\\Users\\DJETHA\\eclipse-workspace\\Application\\Web\\simply-chat\\api\\middlewares\\index.js","statementMap":{"0":{"start":{"line":1,"column":20},"end":{"line":1,"column":44}},"1":{"start":{"line":2,"column":21},"end":{"line":2,"column":46}},"2":{"start":{"line":4,"column":0},"end":{"line":4,"column":44}}},"fnMap":{},"branchMap":{},"s":{"0":4,"1":4,"2":4},"f":{},"b":{},"_coverageSchema":"43e27e138ebf9cfc5966b082cf9a028302ed4184","hash":"be3ce2bb948d201c35b936420619636460405b62"}
,"C:\\Users\\DJETHA\\eclipse-workspace\\Application\\Web\\simply-chat\\api\\routes\\auth.js": {"path":"C:\\Users\\DJETHA\\eclipse-workspace\\Application\\Web\\simply-chat\\api\\routes\\auth.js","statementMap":{"0":{"start":{"line":1,"column":16},"end":{"line":1,"column":34}},"1":{"start":{"line":2,"column":15},"end":{"line":2,"column":32}},"2":{"start":{"line":3,"column":26},"end":{"line":3,"column":62}},"3":{"start":{"line":4,"column":19},"end":{"line":4,"column":41}},"4":{"start":{"line":5,"column":14},"end":{"line":5,"column":49}},"5":{"start":{"line":6,"column":17},"end":{"line":6,"column":42}},"6":{"start":{"line":7,"column":15},"end":{"line":7,"column":46}},"7":{"start":{"line":10,"column":16},"end":{"line":16,"column":2}},"8":{"start":{"line":14,"column":2},"end":{"line":14,"column":40}},"9":{"start":{"line":18,"column":15},"end":{"line":23,"column":2}},"10":{"start":{"line":25,"column":15},"end":{"line":25,"column":92}},"11":{"start":{"line":27,"column":0},"end":{"line":55,"column":2}},"12":{"start":{"line":28,"column":1},"end":{"line":54,"column":2}},"13":{"start":{"line":29,"column":16},"end":{"line":29,"column":30}},"14":{"start":{"line":30,"column":3},"end":{"line":32,"column":4}},"15":{"start":{"line":31,"column":4},"end":{"line":31,"column":51}},"16":{"start":{"line":33,"column":20},"end":{"line":33,"column":41}},"17":{"start":{"line":34,"column":17},"end":{"line":34,"column":42}},"18":{"start":{"line":35,"column":16},"end":{"line":35,"column":60}},"19":{"start":{"line":36,"column":37},"end":{"line":36,"column":56}},"20":{"start":{"line":37,"column":3},"end":{"line":37,"column":66}},"21":{"start":{"line":38,"column":3},"end":{"line":44,"column":5}},"22":{"start":{"line":47,"column":2},"end":{"line":49,"column":3}},"23":{"start":{"line":48,"column":3},"end":{"line":48,"column":58}},"24":{"start":{"line":50,"column":2},"end":{"line":53,"column":4}},"25":{"start":{"line":57,"column":0},"end":{"line":76,"column":2}},"26":{"start":{"line":58,"column":1},"end":{"line":75,"column":2}},"27":{"start":{"line":59,"column":15},"end":{"line":59,"column":49}},"28":{"start":{"line":60,"column":40},"end":{"line":60,"column":59}},"29":{"start":{"line":61,"column":2},"end":{"line":61,"column":58}},"30":{"start":{"line":62,"column":2},"end":{"line":68,"column":4}},"31":{"start":{"line":71,"column":2},"end":{"line":74,"column":4}},"32":{"start":{"line":78,"column":0},"end":{"line":78,"column":22}}},"fnMap":{"0":{"name":"(anonymous_0)","decl":{"start":{"line":13,"column":11},"end":{"line":13,"column":12}},"loc":{"start":{"line":13,"column":36},"end":{"line":15,"column":2}},"line":13},"1":{"name":"(anonymous_1)","decl":{"start":{"line":27,"column":34},"end":{"line":27,"column":35}},"loc":{"start":{"line":27,"column":64},"end":{"line":55,"column":1}},"line":27},"2":{"name":"(anonymous_2)","decl":{"start":{"line":57,"column":21},"end":{"line":57,"column":22}},"loc":{"start":{"line":57,"column":51},"end":{"line":76,"column":1}},"line":57}},"branchMap":{"0":{"loc":{"start":{"line":30,"column":3},"end":{"line":32,"column":4}},"type":"if","locations":[{"start":{"line":30,"column":3},"end":{"line":32,"column":4}},{"start":{"line":30,"column":3},"end":{"line":32,"column":4}}],"line":30},"1":{"loc":{"start":{"line":47,"column":2},"end":{"line":49,"column":3}},"type":"if","locations":[{"start":{"line":47,"column":2},"end":{"line":49,"column":3}},{"start":{"line":47,"column":2},"end":{"line":49,"column":3}}],"line":47}},"s":{"0":4,"1":4,"2":4,"3":4,"4":4,"5":4,"6":4,"7":4,"8":0,"9":4,"10":4,"11":4,"12":0,"13":0,"14":0,"15":0,"16":0,"17":0,"18":0,"19":0,"20":0,"21":0,"22":0,"23":0,"24":0,"25":4,"26":13,"27":13,"28":13,"29":13,"30":13,"31":0,"32":4},"f":{"0":0,"1":0,"2":13},"b":{"0":[0,0],"1":[0,0]},"_coverageSchema":"43e27e138ebf9cfc5966b082cf9a028302ed4184","hash":"97469d43825cc0f1e66b2cf5da4e647cbf555519"}
,"C:\\Users\\DJETHA\\eclipse-workspace\\Application\\Web\\simply-chat\\api\\routes\\event.js": {"path":"C:\\Users\\DJETHA\\eclipse-workspace\\Application\\Web\\simply-chat\\api\\routes\\event.js","statementMap":{"0":{"start":{"line":1,"column":16},"end":{"line":1,"column":34}},"1":{"start":{"line":2,"column":14},"end":{"line":2,"column":49}},"2":{"start":{"line":3,"column":15},"end":{"line":3,"column":46}},"3":{"start":{"line":4,"column":17},"end":{"line":4,"column":42}},"4":{"start":{"line":6,"column":0},"end":{"line":25,"column":2}},"5":{"start":{"line":7,"column":4},"end":{"line":23,"column":5}},"6":{"start":{"line":8,"column":26},"end":{"line":8,"column":41}},"7":{"start":{"line":9,"column":29},"end":{"line":9,"column":77}},"8":{"start":{"line":10,"column":32},"end":{"line":10,"column":64}},"9":{"start":{"line":11,"column":8},"end":{"line":11,"column":69}},"10":{"start":{"line":12,"column":8},"end":{"line":18,"column":14}},"11":{"start":{"line":22,"column":8},"end":{"line":22,"column":26}},"12":{"start":{"line":27,"column":0},"end":{"line":41,"column":1}},"13":{"start":{"line":28,"column":4},"end":{"line":39,"column":9}},"14":{"start":{"line":29,"column":24},"end":{"line":29,"column":42}},"15":{"start":{"line":30,"column":29},"end":{"line":30,"column":75}},"16":{"start":{"line":31,"column":26},"end":{"line":31,"column":58}},"17":{"start":{"line":32,"column":8},"end":{"line":35,"column":14}},"18":{"start":{"line":38,"column":8},"end":{"line":38,"column":26}},"19":{"start":{"line":43,"column":0},"end":{"line":59,"column":1}},"20":{"start":{"line":45,"column":4},"end":{"line":57,"column":9}},"21":{"start":{"line":46,"column":26},"end":{"line":46,"column":41}},"22":{"start":{"line":47,"column":24},"end":{"line":47,"column":42}},"23":{"start":{"line":48,"column":29},"end":{"line":48,"column":82}},"24":{"start":{"line":49,"column":26},"end":{"line":49,"column":56}},"25":{"start":{"line":50,"column":8},"end":{"line":53,"column":10}},"26":{"start":{"line":56,"column":8},"end":{"line":56,"column":26}},"27":{"start":{"line":61,"column":0},"end":{"line":76,"column":2}},"28":{"start":{"line":63,"column":4},"end":{"line":75,"column":9}},"29":{"start":{"line":64,"column":26},"end":{"line":64,"column":41}},"30":{"start":{"line":65,"column":24},"end":{"line":65,"column":42}},"31":{"start":{"line":66,"column":29},"end":{"line":66,"column":82}},"32":{"start":{"line":67,"column":26},"end":{"line":67,"column":57}},"33":{"start":{"line":68,"column":8},"end":{"line":71,"column":10}},"34":{"start":{"line":74,"column":8},"end":{"line":74,"column":26}},"35":{"start":{"line":78,"column":0},"end":{"line":78,"column":22}}},"fnMap":{"0":{"name":"(anonymous_0)","decl":{"start":{"line":6,"column":29},"end":{"line":6,"column":30}},"loc":{"start":{"line":6,"column":54},"end":{"line":25,"column":1}},"line":6},"1":{"name":"(anonymous_1)","decl":{"start":{"line":27,"column":35},"end":{"line":27,"column":36}},"loc":{"start":{"line":27,"column":61},"end":{"line":40,"column":5}},"line":27},"2":{"name":"(anonymous_2)","decl":{"start":{"line":43,"column":34},"end":{"line":43,"column":35}},"loc":{"start":{"line":43,"column":59},"end":{"line":58,"column":5}},"line":43},"3":{"name":"(anonymous_3)","decl":{"start":{"line":61,"column":35},"end":{"line":61,"column":36}},"loc":{"start":{"line":61,"column":60},"end":{"line":76,"column":1}},"line":61}},"branchMap":{},"s":{"0":4,"1":4,"2":4,"3":4,"4":4,"5":1,"6":1,"7":1,"8":1,"9":1,"10":1,"11":0,"12":4,"13":0,"14":0,"15":0,"16":0,"17":0,"18":0,"19":4,"20":2,"21":2,"22":2,"23":2,"24":2,"25":1,"26":1,"27":4,"28":1,"29":1,"30":1,"31":1,"32":1,"33":1,"34":0,"35":4},"f":{"0":1,"1":0,"2":2,"3":1},"b":{},"_coverageSchema":"43e27e138ebf9cfc5966b082cf9a028302ed4184","hash":"c1d4afa46184d8ea70c19eee0c28ac5ffb635f1e"}
,"C:\\Users\\DJETHA\\eclipse-workspace\\Application\\Web\\simply-chat\\api\\routes\\group.js": {"path":"C:\\Users\\DJETHA\\eclipse-workspace\\Application\\Web\\simply-chat\\api\\routes\\group.js","statementMap":{"0":{"start":{"line":1,"column":16},"end":{"line":1,"column":34}},"1":{"start":{"line":2,"column":14},"end":{"line":2,"column":49}},"2":{"start":{"line":3,"column":17},"end":{"line":3,"column":42}},"3":{"start":{"line":4,"column":15},"end":{"line":4,"column":38}},"4":{"start":{"line":5,"column":17},"end":{"line":5,"column":36}},"5":{"start":{"line":7,"column":0},"end":{"line":27,"column":2}},"6":{"start":{"line":8,"column":4},"end":{"line":25,"column":5}},"7":{"start":{"line":9,"column":26},"end":{"line":9,"column":41}},"8":{"start":{"line":10,"column":29},"end":{"line":10,"column":77}},"9":{"start":{"line":11,"column":32},"end":{"line":11,"column":64}},"10":{"start":{"line":12,"column":8},"end":{"line":18,"column":14}},"11":{"start":{"line":21,"column":8},"end":{"line":23,"column":11}},"12":{"start":{"line":22,"column":12},"end":{"line":22,"column":58}},"13":{"start":{"line":24,"column":8},"end":{"line":24,"column":26}},"14":{"start":{"line":29,"column":0},"end":{"line":43,"column":1}},"15":{"start":{"line":30,"column":4},"end":{"line":41,"column":9}},"16":{"start":{"line":31,"column":24},"end":{"line":31,"column":42}},"17":{"start":{"line":32,"column":29},"end":{"line":32,"column":75}},"18":{"start":{"line":33,"column":26},"end":{"line":33,"column":58}},"19":{"start":{"line":34,"column":8},"end":{"line":37,"column":10}},"20":{"start":{"line":40,"column":8},"end":{"line":40,"column":26}},"21":{"start":{"line":45,"column":0},"end":{"line":61,"column":1}},"22":{"start":{"line":47,"column":4},"end":{"line":59,"column":9}},"23":{"start":{"line":48,"column":26},"end":{"line":48,"column":41}},"24":{"start":{"line":49,"column":24},"end":{"line":49,"column":42}},"25":{"start":{"line":50,"column":29},"end":{"line":50,"column":82}},"26":{"start":{"line":51,"column":26},"end":{"line":51,"column":56}},"27":{"start":{"line":52,"column":8},"end":{"line":55,"column":10}},"28":{"start":{"line":58,"column":8},"end":{"line":58,"column":26}},"29":{"start":{"line":63,"column":0},"end":{"line":78,"column":2}},"30":{"start":{"line":65,"column":4},"end":{"line":77,"column":5}},"31":{"start":{"line":66,"column":26},"end":{"line":66,"column":41}},"32":{"start":{"line":67,"column":24},"end":{"line":67,"column":42}},"33":{"start":{"line":68,"column":29},"end":{"line":68,"column":82}},"34":{"start":{"line":69,"column":26},"end":{"line":69,"column":57}},"35":{"start":{"line":70,"column":8},"end":{"line":73,"column":10}},"36":{"start":{"line":76,"column":8},"end":{"line":76,"column":26}},"37":{"start":{"line":80,"column":0},"end":{"line":95,"column":2}},"38":{"start":{"line":81,"column":4},"end":{"line":94,"column":5}},"39":{"start":{"line":82,"column":22},"end":{"line":82,"column":65}},"40":{"start":{"line":83,"column":20},"end":{"line":83,"column":56}},"41":{"start":{"line":84,"column":8},"end":{"line":87,"column":10}},"42":{"start":{"line":90,"column":8},"end":{"line":93,"column":10}},"43":{"start":{"line":98,"column":0},"end":{"line":98,"column":22}}},"fnMap":{"0":{"name":"(anonymous_0)","decl":{"start":{"line":7,"column":29},"end":{"line":7,"column":30}},"loc":{"start":{"line":7,"column":54},"end":{"line":27,"column":1}},"line":7},"1":{"name":"(anonymous_1)","decl":{"start":{"line":29,"column":35},"end":{"line":29,"column":36}},"loc":{"start":{"line":29,"column":61},"end":{"line":42,"column":5}},"line":29},"2":{"name":"(anonymous_2)","decl":{"start":{"line":45,"column":34},"end":{"line":45,"column":35}},"loc":{"start":{"line":45,"column":59},"end":{"line":60,"column":5}},"line":45},"3":{"name":"(anonymous_3)","decl":{"start":{"line":63,"column":35},"end":{"line":63,"column":36}},"loc":{"start":{"line":63,"column":60},"end":{"line":78,"column":1}},"line":63},"4":{"name":"(anonymous_4)","decl":{"start":{"line":80,"column":29},"end":{"line":80,"column":30}},"loc":{"start":{"line":80,"column":54},"end":{"line":95,"column":1}},"line":80}},"branchMap":{"0":{"loc":{"start":{"line":21,"column":8},"end":{"line":23,"column":11}},"type":"if","locations":[{"start":{"line":21,"column":8},"end":{"line":23,"column":11}},{"start":{"line":21,"column":8},"end":{"line":23,"column":11}}],"line":21}},"s":{"0":4,"1":4,"2":4,"3":4,"4":4,"5":4,"6":0,"7":0,"8":0,"9":0,"10":0,"11":0,"12":0,"13":0,"14":4,"15":0,"16":0,"17":0,"18":0,"19":0,"20":0,"21":4,"22":2,"23":2,"24":2,"25":2,"26":2,"27":1,"28":1,"29":4,"30":1,"31":1,"32":1,"33":1,"34":1,"35":1,"36":0,"37":4,"38":0,"39":0,"40":0,"41":0,"42":0,"43":4},"f":{"0":0,"1":0,"2":2,"3":1,"4":0},"b":{"0":[0,0]},"_coverageSchema":"43e27e138ebf9cfc5966b082cf9a028302ed4184","hash":"733d4c6a0c243bbe807c16a026503be4e213767e"}
,"C:\\Users\\DJETHA\\eclipse-workspace\\Application\\Web\\simply-chat\\api\\routes\\index.js": {"path":"C:\\Users\\DJETHA\\eclipse-workspace\\Application\\Web\\simply-chat\\api\\routes\\index.js","statementMap":{"0":{"start":{"line":1,"column":0},"end":{"line":1,"column":45}},"1":{"start":{"line":2,"column":0},"end":{"line":2,"column":49}},"2":{"start":{"line":3,"column":0},"end":{"line":3,"column":45}},"3":{"start":{"line":4,"column":0},"end":{"line":4,"column":47}},"4":{"start":{"line":5,"column":0},"end":{"line":5,"column":47}},"5":{"start":{"line":6,"column":0},"end":{"line":6,"column":52}}},"fnMap":{},"branchMap":{},"s":{"0":4,"1":4,"2":4,"3":4,"4":4,"5":4},"f":{},"b":{},"_coverageSchema":"43e27e138ebf9cfc5966b082cf9a028302ed4184","hash":"9628b660886efdc7b1d39f1b80df1acfde24c83b"}
,"C:\\Users\\DJETHA\\eclipse-workspace\\Application\\Web\\simply-chat\\api\\routes\\messages.js": {"path":"C:\\Users\\DJETHA\\eclipse-workspace\\Application\\Web\\simply-chat\\api\\routes\\messages.js","statementMap":{"0":{"start":{"line":1,"column":16},"end":{"line":1,"column":34}},"1":{"start":{"line":2,"column":14},"end":{"line":2,"column":49}},"2":{"start":{"line":3,"column":17},"end":{"line":3,"column":42}},"3":{"start":{"line":5,"column":0},"end":{"line":27,"column":1}},"4":{"start":{"line":6,"column":4},"end":{"line":25,"column":9}},"5":{"start":{"line":7,"column":31},"end":{"line":12,"column":9}},"6":{"start":{"line":13,"column":40},"end":{"line":13,"column":76}},"7":{"start":{"line":14,"column":8},"end":{"line":20,"column":14}},"8":{"start":{"line":24,"column":8},"end":{"line":24,"column":26}},"9":{"start":{"line":28,"column":0},"end":{"line":45,"column":2}},"10":{"start":{"line":30,"column":4},"end":{"line":44,"column":5}},"11":{"start":{"line":31,"column":31},"end":{"line":34,"column":9}},"12":{"start":{"line":35,"column":25},"end":{"line":35,"column":71}},"13":{"start":{"line":36,"column":8},"end":{"line":39,"column":14}},"14":{"start":{"line":43,"column":8},"end":{"line":43,"column":26}},"15":{"start":{"line":46,"column":0},"end":{"line":46,"column":23}}},"fnMap":{"0":{"name":"(anonymous_0)","decl":{"start":{"line":5,"column":40},"end":{"line":5,"column":41}},"loc":{"start":{"line":5,"column":70},"end":{"line":26,"column":5}},"line":5},"1":{"name":"(anonymous_1)","decl":{"start":{"line":28,"column":36},"end":{"line":28,"column":37}},"loc":{"start":{"line":28,"column":62},"end":{"line":45,"column":1}},"line":28}},"branchMap":{},"s":{"0":4,"1":4,"2":4,"3":4,"4":0,"5":0,"6":0,"7":0,"8":0,"9":4,"10":0,"11":0,"12":0,"13":0,"14":0,"15":4},"f":{"0":0,"1":0},"b":{},"_coverageSchema":"43e27e138ebf9cfc5966b082cf9a028302ed4184","hash":"dbbb20f2c771d7be536fa5fd7e5e931b29cc711a"}
,"C:\\Users\\DJETHA\\eclipse-workspace\\Application\\Web\\simply-chat\\api\\routes\\public.js": {"path":"C:\\Users\\DJETHA\\eclipse-workspace\\Application\\Web\\simply-chat\\api\\routes\\public.js","statementMap":{"0":{"start":{"line":1,"column":16},"end":{"line":1,"column":34}},"1":{"start":{"line":2,"column":14},"end":{"line":2,"column":49}},"2":{"start":{"line":3,"column":14},"end":{"line":3,"column":37}},"3":{"start":{"line":4,"column":15},"end":{"line":4,"column":46}},"4":{"start":{"line":6,"column":0},"end":{"line":18,"column":2}},"5":{"start":{"line":7,"column":4},"end":{"line":17,"column":5}},"6":{"start":{"line":8,"column":20},"end":{"line":8,"column":46}},"7":{"start":{"line":9,"column":8},"end":{"line":9,"column":73}},"8":{"start":{"line":10,"column":8},"end":{"line":13,"column":14}},"9":{"start":{"line":16,"column":8},"end":{"line":16,"column":26}},"10":{"start":{"line":20,"column":0},"end":{"line":32,"column":2}},"11":{"start":{"line":21,"column":4},"end":{"line":31,"column":5}},"12":{"start":{"line":22,"column":23},"end":{"line":22,"column":47}},"13":{"start":{"line":23,"column":8},"end":{"line":23,"column":72}},"14":{"start":{"line":24,"column":8},"end":{"line":27,"column":10}},"15":{"start":{"line":30,"column":8},"end":{"line":30,"column":26}},"16":{"start":{"line":34,"column":0},"end":{"line":47,"column":1}},"17":{"start":{"line":35,"column":4},"end":{"line":45,"column":9}},"18":{"start":{"line":36,"column":20},"end":{"line":36,"column":43}},"19":{"start":{"line":37,"column":28},"end":{"line":37,"column":62}},"20":{"start":{"line":38,"column":8},"end":{"line":38,"column":70}},"21":{"start":{"line":39,"column":8},"end":{"line":42,"column":10}},"22":{"start":{"line":44,"column":8},"end":{"line":44,"column":26}},"23":{"start":{"line":50,"column":0},"end":{"line":50,"column":22}}},"fnMap":{"0":{"name":"(anonymous_0)","decl":{"start":{"line":6,"column":21},"end":{"line":6,"column":22}},"loc":{"start":{"line":6,"column":46},"end":{"line":18,"column":1}},"line":6},"1":{"name":"(anonymous_1)","decl":{"start":{"line":20,"column":21},"end":{"line":20,"column":22}},"loc":{"start":{"line":20,"column":48},"end":{"line":32,"column":1}},"line":20},"2":{"name":"(anonymous_2)","decl":{"start":{"line":34,"column":20},"end":{"line":34,"column":21}},"loc":{"start":{"line":34,"column":50},"end":{"line":46,"column":5}},"line":34}},"branchMap":{},"s":{"0":4,"1":4,"2":4,"3":4,"4":4,"5":0,"6":0,"7":0,"8":0,"9":0,"10":4,"11":0,"12":0,"13":0,"14":0,"15":0,"16":4,"17":0,"18":0,"19":0,"20":0,"21":0,"22":0,"23":4},"f":{"0":0,"1":0,"2":0},"b":{},"_coverageSchema":"43e27e138ebf9cfc5966b082cf9a028302ed4184","hash":"6f514dabea9d1bae9407ef4031a074949f5e5c20"}
,"C:\\Users\\DJETHA\\eclipse-workspace\\Application\\Web\\simply-chat\\api\\routes\\user.js": {"path":"C:\\Users\\DJETHA\\eclipse-workspace\\Application\\Web\\simply-chat\\api\\routes\\user.js","statementMap":{"0":{"start":{"line":1,"column":16},"end":{"line":1,"column":34}},"1":{"start":{"line":2,"column":14},"end":{"line":2,"column":49}},"2":{"start":{"line":3,"column":17},"end":{"line":3,"column":42}},"3":{"start":{"line":4,"column":15},"end":{"line":4,"column":38}},"4":{"start":{"line":5,"column":15},"end":{"line":5,"column":68}},"5":{"start":{"line":6,"column":15},"end":{"line":6,"column":29}},"6":{"start":{"line":8,"column":0},"end":{"line":22,"column":2}},"7":{"start":{"line":9,"column":4},"end":{"line":21,"column":5}},"8":{"start":{"line":10,"column":31},"end":{"line":10,"column":39}},"9":{"start":{"line":11,"column":28},"end":{"line":11,"column":87}},"10":{"start":{"line":12,"column":28},"end":{"line":12,"column":56}},"11":{"start":{"line":13,"column":8},"end":{"line":13,"column":38}},"12":{"start":{"line":14,"column":8},"end":{"line":17,"column":10}},"13":{"start":{"line":20,"column":8},"end":{"line":20,"column":26}},"14":{"start":{"line":24,"column":0},"end":{"line":44,"column":2}},"15":{"start":{"line":25,"column":4},"end":{"line":43,"column":5}},"16":{"start":{"line":26,"column":28},"end":{"line":30,"column":9}},"17":{"start":{"line":31,"column":53},"end":{"line":31,"column":90}},"18":{"start":{"line":32,"column":8},"end":{"line":38,"column":10}},"19":{"start":{"line":41,"column":8},"end":{"line":41,"column":21}},"20":{"start":{"line":46,"column":0},"end":{"line":65,"column":2}},"21":{"start":{"line":47,"column":4},"end":{"line":64,"column":5}},"22":{"start":{"line":48,"column":28},"end":{"line":52,"column":9}},"23":{"start":{"line":53,"column":45},"end":{"line":53,"column":74}},"24":{"start":{"line":54,"column":8},"end":{"line":60,"column":10}},"25":{"start":{"line":63,"column":8},"end":{"line":63,"column":26}},"26":{"start":{"line":67,"column":0},"end":{"line":88,"column":2}},"27":{"start":{"line":68,"column":4},"end":{"line":86,"column":5}},"28":{"start":{"line":69,"column":28},"end":{"line":73,"column":9}},"29":{"start":{"line":74,"column":45},"end":{"line":74,"column":84}},"30":{"start":{"line":75,"column":8},"end":{"line":81,"column":10}},"31":{"start":{"line":85,"column":8},"end":{"line":85,"column":26}},"32":{"start":{"line":90,"column":0},"end":{"line":118,"column":1}},"33":{"start":{"line":91,"column":16},"end":{"line":91,"column":32}},"34":{"start":{"line":92,"column":15},"end":{"line":92,"column":27}},"35":{"start":{"line":93,"column":15},"end":{"line":93,"column":28}},"36":{"start":{"line":94,"column":4},"end":{"line":116,"column":9}},"37":{"start":{"line":102,"column":12},"end":{"line":111,"column":13}},"38":{"start":{"line":103,"column":32},"end":{"line":103,"column":74}},"39":{"start":{"line":104,"column":16},"end":{"line":107,"column":18}},"40":{"start":{"line":110,"column":16},"end":{"line":110,"column":53}},"41":{"start":{"line":114,"column":12},"end":{"line":114,"column":28}},"42":{"start":{"line":121,"column":0},"end":{"line":121,"column":22}}},"fnMap":{"0":{"name":"(anonymous_0)","decl":{"start":{"line":8,"column":28},"end":{"line":8,"column":29}},"loc":{"start":{"line":8,"column":58},"end":{"line":22,"column":1}},"line":8},"1":{"name":"(anonymous_1)","decl":{"start":{"line":24,"column":47},"end":{"line":24,"column":48}},"loc":{"start":{"line":24,"column":77},"end":{"line":44,"column":1}},"line":24},"2":{"name":"(anonymous_2)","decl":{"start":{"line":46,"column":50},"end":{"line":46,"column":51}},"loc":{"start":{"line":46,"column":80},"end":{"line":65,"column":1}},"line":46},"3":{"name":"(anonymous_3)","decl":{"start":{"line":67,"column":49},"end":{"line":67,"column":50}},"loc":{"start":{"line":67,"column":79},"end":{"line":88,"column":1}},"line":67},"4":{"name":"(anonymous_4)","decl":{"start":{"line":90,"column":28},"end":{"line":90,"column":29}},"loc":{"start":{"line":90,"column":54},"end":{"line":117,"column":5}},"line":90},"5":{"name":"(anonymous_5)","decl":{"start":{"line":101,"column":14},"end":{"line":101,"column":15}},"loc":{"start":{"line":101,"column":26},"end":{"line":112,"column":9}},"line":101},"6":{"name":"(anonymous_6)","decl":{"start":{"line":113,"column":15},"end":{"line":113,"column":16}},"loc":{"start":{"line":113,"column":22},"end":{"line":115,"column":13}},"line":113}},"branchMap":{"0":{"loc":{"start":{"line":102,"column":12},"end":{"line":111,"column":13}},"type":"if","locations":[{"start":{"line":102,"column":12},"end":{"line":111,"column":13}},{"start":{"line":102,"column":12},"end":{"line":111,"column":13}}],"line":102}},"s":{"0":4,"1":4,"2":4,"3":4,"4":4,"5":4,"6":4,"7":0,"8":0,"9":0,"10":0,"11":0,"12":0,"13":0,"14":4,"15":1,"16":1,"17":1,"18":1,"19":0,"20":4,"21":1,"22":1,"23":1,"24":1,"25":0,"26":4,"27":0,"28":0,"29":0,"30":0,"31":0,"32":4,"33":0,"34":0,"35":0,"36":0,"37":0,"38":0,"39":0,"40":0,"41":0,"42":4},"f":{"0":0,"1":1,"2":1,"3":0,"4":0,"5":0,"6":0},"b":{"0":[0,0]},"_coverageSchema":"43e27e138ebf9cfc5966b082cf9a028302ed4184","hash":"f04b03a9e58519eed02a11d698161a74d73bacb0"}
,"C:\\Users\\DJETHA\\eclipse-workspace\\Application\\Web\\simply-chat\\config\\index.js": {"path":"C:\\Users\\DJETHA\\eclipse-workspace\\Application\\Web\\simply-chat\\config\\index.js","statementMap":{"0":{"start":{"line":1,"column":15},"end":{"line":1,"column":32}},"1":{"start":{"line":2,"column":0},"end":{"line":2,"column":16}},"2":{"start":{"line":3,"column":0},"end":{"line":3,"column":61}},"3":{"start":{"line":5,"column":0},"end":{"line":19,"column":2}}},"fnMap":{},"branchMap":{"0":{"loc":{"start":{"line":3,"column":23},"end":{"line":3,"column":60}},"type":"binary-expr","locations":[{"start":{"line":3,"column":23},"end":{"line":3,"column":43}},{"start":{"line":3,"column":47},"end":{"line":3,"column":60}}],"line":3},"1":{"loc":{"start":{"line":6,"column":8},"end":{"line":6,"column":32}},"type":"binary-expr","locations":[{"start":{"line":6,"column":8},"end":{"line":6,"column":24}},{"start":{"line":6,"column":28},"end":{"line":6,"column":32}}],"line":6}},"s":{"0":4,"1":4,"2":4,"3":4},"f":{},"b":{"0":[4,0],"1":[4,4]},"_coverageSchema":"43e27e138ebf9cfc5966b082cf9a028302ed4184","hash":"5cc12296f2ae8d994432dff4c89e29fcd751f1a3"}
,"C:\\Users\\DJETHA\\eclipse-workspace\\Application\\Web\\simply-chat\\loaders\\app.js": {"path":"C:\\Users\\DJETHA\\eclipse-workspace\\Application\\Web\\simply-chat\\loaders\\app.js","statementMap":{"0":{"start":{"line":1,"column":16},"end":{"line":1,"column":34}},"1":{"start":{"line":2,"column":12},"end":{"line":2,"column":21}},"2":{"start":{"line":3,"column":19},"end":{"line":3,"column":41}},"3":{"start":{"line":4,"column":13},"end":{"line":4,"column":28}},"4":{"start":{"line":5,"column":25},"end":{"line":5,"column":48}},"5":{"start":{"line":6,"column":13},"end":{"line":6,"column":28}},"6":{"start":{"line":10,"column":4},"end":{"line":10,"column":19}},"7":{"start":{"line":11,"column":4},"end":{"line":11,"column":31}},"8":{"start":{"line":15,"column":4},"end":{"line":15,"column":31}},"9":{"start":{"line":16,"column":4},"end":{"line":16,"column":55}},"10":{"start":{"line":17,"column":4},"end":{"line":17,"column":47}},"11":{"start":{"line":20,"column":4},"end":{"line":26,"column":5}},"12":{"start":{"line":21,"column":8},"end":{"line":21,"column":43}},"13":{"start":{"line":22,"column":8},"end":{"line":22,"column":69}},"14":{"start":{"line":23,"column":8},"end":{"line":25,"column":10}},"15":{"start":{"line":24,"column":12},"end":{"line":24,"column":74}},"16":{"start":{"line":28,"column":1},"end":{"line":28,"column":26}},"17":{"start":{"line":29,"column":1},"end":{"line":29,"column":18}},"18":{"start":{"line":33,"column":0},"end":{"line":33,"column":21}}},"fnMap":{"0":{"name":"(anonymous_0)","decl":{"start":{"line":23,"column":22},"end":{"line":23,"column":23}},"loc":{"start":{"line":23,"column":34},"end":{"line":25,"column":9}},"line":23}},"branchMap":{"0":{"loc":{"start":{"line":20,"column":4},"end":{"line":26,"column":5}},"type":"if","locations":[{"start":{"line":20,"column":4},"end":{"line":26,"column":5}},{"start":{"line":20,"column":4},"end":{"line":26,"column":5}}],"line":20}},"s":{"0":4,"1":4,"2":4,"3":4,"4":4,"5":4,"6":4,"7":4,"8":4,"9":4,"10":4,"11":4,"12":0,"13":0,"14":0,"15":0,"16":4,"17":4,"18":4},"f":{"0":0},"b":{"0":[0,4]},"_coverageSchema":"43e27e138ebf9cfc5966b082cf9a028302ed4184","hash":"7cfe32f149aa419724e9a53fd838779f1716b54a"}
,"C:\\Users\\DJETHA\\eclipse-workspace\\Application\\Web\\simply-chat\\loaders\\cloudinary.js": {"path":"C:\\Users\\DJETHA\\eclipse-workspace\\Application\\Web\\simply-chat\\loaders\\cloudinary.js","statementMap":{"0":{"start":{"line":1,"column":19},"end":{"line":1,"column":41}},"1":{"start":{"line":2,"column":15},"end":{"line":2,"column":35}},"2":{"start":{"line":4,"column":0},"end":{"line":11,"column":1}},"3":{"start":{"line":5,"column":4},"end":{"line":9,"column":11}},"4":{"start":{"line":10,"column":4},"end":{"line":10,"column":11}}},"fnMap":{"0":{"name":"(anonymous_0)","decl":{"start":{"line":4,"column":27},"end":{"line":4,"column":28}},"loc":{"start":{"line":4,"column":53},"end":{"line":11,"column":1}},"line":4}},"branchMap":{},"s":{"0":4,"1":4,"2":4,"3":25,"4":25},"f":{"0":25},"b":{},"_coverageSchema":"43e27e138ebf9cfc5966b082cf9a028302ed4184","hash":"1e0230ccdb7e8cfcbff2623617f14218ef746019"}
,"C:\\Users\\DJETHA\\eclipse-workspace\\Application\\Web\\simply-chat\\loaders\\db.js": {"path":"C:\\Users\\DJETHA\\eclipse-workspace\\Application\\Web\\simply-chat\\loaders\\db.js","statementMap":{"0":{"start":{"line":1,"column":17},"end":{"line":1,"column":36}},"1":{"start":{"line":2,"column":15},"end":{"line":2,"column":43}},"2":{"start":{"line":3,"column":15},"end":{"line":3,"column":35}},"3":{"start":{"line":4,"column":23},"end":{"line":8,"column":27}},"4":{"start":{"line":10,"column":0},"end":{"line":22,"column":1}},"5":{"start":{"line":11,"column":2},"end":{"line":11,"column":29}},"6":{"start":{"line":12,"column":2},"end":{"line":19,"column":3}},"7":{"start":{"line":13,"column":4},"end":{"line":14,"column":54}},"8":{"start":{"line":14,"column":16},"end":{"line":14,"column":53}},"9":{"start":{"line":17,"column":6},"end":{"line":18,"column":56}},"10":{"start":{"line":18,"column":18},"end":{"line":18,"column":55}},"11":{"start":{"line":20,"column":13},"end":{"line":20,"column":32}},"12":{"start":{"line":21,"column":2},"end":{"line":21,"column":62}}},"fnMap":{"0":{"name":"(anonymous_0)","decl":{"start":{"line":10,"column":17},"end":{"line":10,"column":18}},"loc":{"start":{"line":10,"column":28},"end":{"line":22,"column":1}},"line":10},"1":{"name":"(anonymous_1)","decl":{"start":{"line":14,"column":10},"end":{"line":14,"column":11}},"loc":{"start":{"line":14,"column":16},"end":{"line":14,"column":53}},"line":14},"2":{"name":"(anonymous_2)","decl":{"start":{"line":18,"column":12},"end":{"line":18,"column":13}},"loc":{"start":{"line":18,"column":18},"end":{"line":18,"column":55}},"line":18}},"branchMap":{"0":{"loc":{"start":{"line":12,"column":2},"end":{"line":19,"column":3}},"type":"if","locations":[{"start":{"line":12,"column":2},"end":{"line":19,"column":3}},{"start":{"line":12,"column":2},"end":{"line":19,"column":3}}],"line":12}},"s":{"0":4,"1":4,"2":4,"3":4,"4":4,"5":4,"6":4,"7":0,"8":0,"9":4,"10":4,"11":4,"12":4},"f":{"0":4,"1":0,"2":4},"b":{"0":[0,4]},"_coverageSchema":"43e27e138ebf9cfc5966b082cf9a028302ed4184","hash":"7e49c04a87ebe5cb24fb67afe5f6f9207eb9bab5"}
,"C:\\Users\\DJETHA\\eclipse-workspace\\Application\\Web\\simply-chat\\loaders\\logger.js": {"path":"C:\\Users\\DJETHA\\eclipse-workspace\\Application\\Web\\simply-chat\\loaders\\logger.js","statementMap":{"0":{"start":{"line":1,"column":16},"end":{"line":1,"column":34}},"1":{"start":{"line":3,"column":0},"end":{"line":3,"column":65}},"2":{"start":{"line":3,"column":22},"end":{"line":3,"column":63}},"3":{"start":{"line":5,"column":15},"end":{"line":17,"column":2}},"4":{"start":{"line":13,"column":18},"end":{"line":13,"column":100}},"5":{"start":{"line":14,"column":4},"end":{"line":14,"column":18}},"6":{"start":{"line":24,"column":23},"end":{"line":29,"column":1}},"7":{"start":{"line":25,"column":4},"end":{"line":28,"column":4}},"8":{"start":{"line":31,"column":2},"end":{"line":31,"column":34}}},"fnMap":{"0":{"name":"(anonymous_0)","decl":{"start":{"line":3,"column":13},"end":{"line":3,"column":14}},"loc":{"start":{"line":3,"column":19},"end":{"line":3,"column":64}},"line":3},"1":{"name":"(anonymous_1)","decl":{"start":{"line":12,"column":32},"end":{"line":12,"column":33}},"loc":{"start":{"line":12,"column":42},"end":{"line":15,"column":3}},"line":12},"2":{"name":"(anonymous_2)","decl":{"start":{"line":24,"column":23},"end":{"line":24,"column":24}},"loc":{"start":{"line":24,"column":43},"end":{"line":29,"column":1}},"line":24}},"branchMap":{},"s":{"0":4,"1":4,"2":85,"3":4,"4":85,"5":85,"6":4,"7":85,"8":4},"f":{"0":85,"1":85,"2":85},"b":{},"_coverageSchema":"43e27e138ebf9cfc5966b082cf9a028302ed4184","hash":"da4ec3f75a6ad5ad0d673264d53c50db34c5cb2f"}
,"C:\\Users\\DJETHA\\eclipse-workspace\\Application\\Web\\simply-chat\\loaders\\routes.js": {"path":"C:\\Users\\DJETHA\\eclipse-workspace\\Application\\Web\\simply-chat\\loaders\\routes.js","statementMap":{"0":{"start":{"line":1,"column":15},"end":{"line":1,"column":39}},"1":{"start":{"line":2,"column":19},"end":{"line":2,"column":48}},"2":{"start":{"line":8,"column":0},"end":{"line":31,"column":1}},"3":{"start":{"line":9,"column":4},"end":{"line":9,"column":39}},"4":{"start":{"line":10,"column":4},"end":{"line":10,"column":79}},"5":{"start":{"line":11,"column":4},"end":{"line":11,"column":41}},"6":{"start":{"line":12,"column":4},"end":{"line":15,"column":29}},"7":{"start":{"line":16,"column":4},"end":{"line":19,"column":26}},"8":{"start":{"line":20,"column":4},"end":{"line":23,"column":27}},"9":{"start":{"line":24,"column":4},"end":{"line":27,"column":27}},"10":{"start":{"line":28,"column":4},"end":{"line":28,"column":37}}},"fnMap":{"0":{"name":"(anonymous_0)","decl":{"start":{"line":8,"column":17},"end":{"line":8,"column":18}},"loc":{"start":{"line":8,"column":31},"end":{"line":31,"column":1}},"line":8}},"branchMap":{},"s":{"0":4,"1":4,"2":4,"3":4,"4":4,"5":4,"6":4,"7":4,"8":4,"9":4,"10":4},"f":{"0":4},"b":{},"_coverageSchema":"43e27e138ebf9cfc5966b082cf9a028302ed4184","hash":"5a606b2408418b54950baa48f2bc4bd859f4f7d8"}
,"C:\\Users\\DJETHA\\eclipse-workspace\\Application\\Web\\simply-chat\\models\\event.js": {"path":"C:\\Users\\DJETHA\\eclipse-workspace\\Application\\Web\\simply-chat\\models\\event.js","statementMap":{"0":{"start":{"line":1,"column":17},"end":{"line":1,"column":36}},"1":{"start":{"line":2,"column":13},"end":{"line":2,"column":30}},"2":{"start":{"line":4,"column":15},"end":{"line":4,"column":30}},"3":{"start":{"line":5,"column":20},"end":{"line":30,"column":6}},"4":{"start":{"line":31,"column":0},"end":{"line":37,"column":1}},"5":{"start":{"line":32,"column":15},"end":{"line":34,"column":5}},"6":{"start":{"line":35,"column":4},"end":{"line":35,"column":38}},"7":{"start":{"line":36,"column":4},"end":{"line":36,"column":22}},"8":{"start":{"line":39,"column":0},"end":{"line":44,"column":1}},"9":{"start":{"line":40,"column":20},"end":{"line":40,"column":39}},"10":{"start":{"line":41,"column":4},"end":{"line":41,"column":68}},"11":{"start":{"line":41,"column":46},"end":{"line":41,"column":67}},"12":{"start":{"line":42,"column":4},"end":{"line":42,"column":31}},"13":{"start":{"line":43,"column":4},"end":{"line":43,"column":22}},"14":{"start":{"line":45,"column":0},"end":{"line":45,"column":53}}},"fnMap":{"0":{"name":"(anonymous_0)","decl":{"start":{"line":31,"column":34},"end":{"line":31,"column":35}},"loc":{"start":{"line":31,"column":56},"end":{"line":37,"column":1}},"line":31},"1":{"name":"(anonymous_1)","decl":{"start":{"line":39,"column":37},"end":{"line":39,"column":38}},"loc":{"start":{"line":39,"column":61},"end":{"line":44,"column":1}},"line":39},"2":{"name":"(anonymous_2)","decl":{"start":{"line":41,"column":33},"end":{"line":41,"column":34}},"loc":{"start":{"line":41,"column":46},"end":{"line":41,"column":67}},"line":41}},"branchMap":{},"s":{"0":4,"1":4,"2":4,"3":4,"4":4,"5":0,"6":0,"7":0,"8":4,"9":1,"10":1,"11":1,"12":1,"13":1,"14":4},"f":{"0":0,"1":1,"2":1},"b":{},"_coverageSchema":"43e27e138ebf9cfc5966b082cf9a028302ed4184","hash":"0f1818b948894c8481d949737acabf41eff331b2"}
,"C:\\Users\\DJETHA\\eclipse-workspace\\Application\\Web\\simply-chat\\models\\group.js": {"path":"C:\\Users\\DJETHA\\eclipse-workspace\\Application\\Web\\simply-chat\\models\\group.js","statementMap":{"0":{"start":{"line":1,"column":17},"end":{"line":1,"column":36}},"1":{"start":{"line":2,"column":15},"end":{"line":2,"column":30}},"2":{"start":{"line":4,"column":20},"end":{"line":24,"column":2}},"3":{"start":{"line":26,"column":0},"end":{"line":31,"column":1}},"4":{"start":{"line":27,"column":18},"end":{"line":27,"column":35}},"5":{"start":{"line":28,"column":4},"end":{"line":28,"column":60}},"6":{"start":{"line":28,"column":40},"end":{"line":28,"column":59}},"7":{"start":{"line":29,"column":4},"end":{"line":29,"column":27}},"8":{"start":{"line":30,"column":4},"end":{"line":30,"column":22}},"9":{"start":{"line":33,"column":0},"end":{"line":33,"column":53}}},"fnMap":{"0":{"name":"(anonymous_0)","decl":{"start":{"line":26,"column":35},"end":{"line":26,"column":36}},"loc":{"start":{"line":26,"column":59},"end":{"line":31,"column":1}},"line":26},"1":{"name":"(anonymous_1)","decl":{"start":{"line":28,"column":29},"end":{"line":28,"column":30}},"loc":{"start":{"line":28,"column":40},"end":{"line":28,"column":59}},"line":28}},"branchMap":{},"s":{"0":4,"1":4,"2":4,"3":4,"4":1,"5":1,"6":2,"7":1,"8":1,"9":4},"f":{"0":1,"1":2},"b":{},"_coverageSchema":"43e27e138ebf9cfc5966b082cf9a028302ed4184","hash":"d5845f2d22118b5eca20f2741631e9b9d1362a3f"}
,"C:\\Users\\DJETHA\\eclipse-workspace\\Application\\Web\\simply-chat\\models\\index.js": {"path":"C:\\Users\\DJETHA\\eclipse-workspace\\Application\\Web\\simply-chat\\models\\index.js","statementMap":{"0":{"start":{"line":1,"column":0},"end":{"line":1,"column":40}},"1":{"start":{"line":2,"column":0},"end":{"line":2,"column":47}},"2":{"start":{"line":3,"column":0},"end":{"line":3,"column":40}},"3":{"start":{"line":4,"column":0},"end":{"line":4,"column":42}},"4":{"start":{"line":5,"column":0},"end":{"line":5,"column":42}}},"fnMap":{},"branchMap":{},"s":{"0":4,"1":4,"2":4,"3":4,"4":4},"f":{},"b":{},"_coverageSchema":"43e27e138ebf9cfc5966b082cf9a028302ed4184","hash":"2aef1a3c95395379c4b5ba28793937355847da02"}
,"C:\\Users\\DJETHA\\eclipse-workspace\\Application\\Web\\simply-chat\\models\\messages.js": {"path":"C:\\Users\\DJETHA\\eclipse-workspace\\Application\\Web\\simply-chat\\models\\messages.js","statementMap":{"0":{"start":{"line":1,"column":17},"end":{"line":1,"column":36}},"1":{"start":{"line":2,"column":15},"end":{"line":2,"column":30}},"2":{"start":{"line":4,"column":22},"end":{"line":19,"column":6}},"3":{"start":{"line":22,"column":0},"end":{"line":22,"column":57}}},"fnMap":{},"branchMap":{},"s":{"0":4,"1":4,"2":4,"3":4},"f":{},"b":{},"_coverageSchema":"43e27e138ebf9cfc5966b082cf9a028302ed4184","hash":"b5c13495c4ea1640f1ddd43db9906843db1dd15a"}
,"C:\\Users\\DJETHA\\eclipse-workspace\\Application\\Web\\simply-chat\\models\\room.js": {"path":"C:\\Users\\DJETHA\\eclipse-workspace\\Application\\Web\\simply-chat\\models\\room.js","statementMap":{"0":{"start":{"line":1,"column":17},"end":{"line":1,"column":36}},"1":{"start":{"line":2,"column":15},"end":{"line":2,"column":30}},"2":{"start":{"line":3,"column":14},"end":{"line":3,"column":32}},"3":{"start":{"line":5,"column":19},"end":{"line":18,"column":2}},"4":{"start":{"line":20,"column":0},"end":{"line":36,"column":1}},"5":{"start":{"line":21,"column":16},"end":{"line":21,"column":30}},"6":{"start":{"line":22,"column":4},"end":{"line":35,"column":5}},"7":{"start":{"line":23,"column":21},"end":{"line":23,"column":39}},"8":{"start":{"line":24,"column":9},"end":{"line":29,"column":10}},"9":{"start":{"line":25,"column":12},"end":{"line":28,"column":13}},"10":{"start":{"line":26,"column":16},"end":{"line":26,"column":38}},"11":{"start":{"line":30,"column":8},"end":{"line":30,"column":26}},"12":{"start":{"line":31,"column":8},"end":{"line":31,"column":33}},"13":{"start":{"line":32,"column":8},"end":{"line":32,"column":26}},"14":{"start":{"line":40,"column":0},"end":{"line":45,"column":1}},"15":{"start":{"line":41,"column":16},"end":{"line":41,"column":31}},"16":{"start":{"line":42,"column":4},"end":{"line":42,"column":61}},"17":{"start":{"line":42,"column":34},"end":{"line":42,"column":60}},"18":{"start":{"line":43,"column":4},"end":{"line":43,"column":23}},"19":{"start":{"line":44,"column":4},"end":{"line":44,"column":22}},"20":{"start":{"line":47,"column":0},"end":{"line":47,"column":51}}},"fnMap":{"0":{"name":"(anonymous_0)","decl":{"start":{"line":20,"column":36},"end":{"line":20,"column":37}},"loc":{"start":{"line":20,"column":62},"end":{"line":36,"column":1}},"line":20},"1":{"name":"(anonymous_1)","decl":{"start":{"line":24,"column":24},"end":{"line":24,"column":25}},"loc":{"start":{"line":24,"column":33},"end":{"line":29,"column":9}},"line":24},"2":{"name":"(anonymous_2)","decl":{"start":{"line":40,"column":31},"end":{"line":40,"column":32}},"loc":{"start":{"line":40,"column":55},"end":{"line":45,"column":1}},"line":40},"3":{"name":"(anonymous_3)","decl":{"start":{"line":42,"column":25},"end":{"line":42,"column":26}},"loc":{"start":{"line":42,"column":34},"end":{"line":42,"column":60}},"line":42}},"branchMap":{"0":{"loc":{"start":{"line":25,"column":12},"end":{"line":28,"column":13}},"type":"if","locations":[{"start":{"line":25,"column":12},"end":{"line":28,"column":13}},{"start":{"line":25,"column":12},"end":{"line":28,"column":13}}],"line":25},"1":{"loc":{"start":{"line":25,"column":15},"end":{"line":25,"column":87}},"type":"binary-expr","locations":[{"start":{"line":25,"column":15},"end":{"line":25,"column":52}},{"start":{"line":25,"column":56},"end":{"line":25,"column":87}}],"line":25}},"s":{"0":4,"1":4,"2":4,"3":4,"4":4,"5":0,"6":0,"7":0,"8":0,"9":0,"10":0,"11":0,"12":0,"13":0,"14":4,"15":0,"16":0,"17":0,"18":0,"19":0,"20":4},"f":{"0":0,"1":0,"2":0,"3":0},"b":{"0":[0,0],"1":[0,0]},"_coverageSchema":"43e27e138ebf9cfc5966b082cf9a028302ed4184","hash":"9136765059480bbb576919debd43873f2fdebdb5"}
,"C:\\Users\\DJETHA\\eclipse-workspace\\Application\\Web\\simply-chat\\models\\user.js": {"path":"C:\\Users\\DJETHA\\eclipse-workspace\\Application\\Web\\simply-chat\\models\\user.js","statementMap":{"0":{"start":{"line":1,"column":17},"end":{"line":1,"column":36}},"1":{"start":{"line":2,"column":15},"end":{"line":2,"column":32}},"2":{"start":{"line":3,"column":15},"end":{"line":3,"column":30}},"3":{"start":{"line":4,"column":12},"end":{"line":4,"column":26}},"4":{"start":{"line":5,"column":19},"end":{"line":70,"column":6}},"5":{"start":{"line":72,"column":0},"end":{"line":81,"column":1}},"6":{"start":{"line":73,"column":4},"end":{"line":79,"column":5}},"7":{"start":{"line":75,"column":29},"end":{"line":75,"column":65}},"8":{"start":{"line":76,"column":8},"end":{"line":76,"column":38}},"9":{"start":{"line":78,"column":8},"end":{"line":78,"column":26}},"10":{"start":{"line":83,"column":0},"end":{"line":93,"column":1}},"11":{"start":{"line":84,"column":4},"end":{"line":92,"column":5}},"12":{"start":{"line":86,"column":28},"end":{"line":86,"column":84}},"13":{"start":{"line":87,"column":8},"end":{"line":87,"column":29}},"14":{"start":{"line":90,"column":8},"end":{"line":90,"column":26}},"15":{"start":{"line":94,"column":0},"end":{"line":100,"column":1}},"16":{"start":{"line":95,"column":4},"end":{"line":99,"column":5}},"17":{"start":{"line":96,"column":8},"end":{"line":96,"column":36}},"18":{"start":{"line":98,"column":8},"end":{"line":98,"column":26}},"19":{"start":{"line":102,"column":0},"end":{"line":123,"column":1}},"20":{"start":{"line":103,"column":4},"end":{"line":121,"column":5}},"21":{"start":{"line":104,"column":32},"end":{"line":104,"column":49}},"22":{"start":{"line":105,"column":29},"end":{"line":107,"column":10}},"23":{"start":{"line":106,"column":12},"end":{"line":106,"column":72}},"24":{"start":{"line":108,"column":8},"end":{"line":110,"column":9}},"25":{"start":{"line":109,"column":12},"end":{"line":109,"column":19}},"26":{"start":{"line":112,"column":8},"end":{"line":115,"column":10}},"27":{"start":{"line":116,"column":8},"end":{"line":116,"column":41}},"28":{"start":{"line":117,"column":8},"end":{"line":117,"column":26}},"29":{"start":{"line":120,"column":8},"end":{"line":120,"column":22}},"30":{"start":{"line":125,"column":0},"end":{"line":145,"column":1}},"31":{"start":{"line":126,"column":4},"end":{"line":143,"column":5}},"32":{"start":{"line":127,"column":39},"end":{"line":127,"column":64}},"33":{"start":{"line":128,"column":33},"end":{"line":128,"column":55}},"34":{"start":{"line":130,"column":8},"end":{"line":132,"column":10}},"35":{"start":{"line":131,"column":12},"end":{"line":131,"column":68}},"36":{"start":{"line":133,"column":8},"end":{"line":135,"column":10}},"37":{"start":{"line":134,"column":12},"end":{"line":134,"column":68}},"38":{"start":{"line":136,"column":8},"end":{"line":136,"column":56}},"39":{"start":{"line":137,"column":8},"end":{"line":137,"column":46}},"40":{"start":{"line":138,"column":8},"end":{"line":138,"column":26}},"41":{"start":{"line":142,"column":8},"end":{"line":142,"column":22}},"42":{"start":{"line":147,"column":0},"end":{"line":169,"column":1}},"43":{"start":{"line":148,"column":4},"end":{"line":167,"column":5}},"44":{"start":{"line":149,"column":39},"end":{"line":149,"column":64}},"45":{"start":{"line":150,"column":36},"end":{"line":152,"column":10}},"46":{"start":{"line":151,"column":12},"end":{"line":151,"column":68}},"47":{"start":{"line":153,"column":8},"end":{"line":155,"column":9}},"48":{"start":{"line":154,"column":12},"end":{"line":154,"column":19}},"49":{"start":{"line":157,"column":8},"end":{"line":160,"column":10}},"50":{"start":{"line":162,"column":8},"end":{"line":162,"column":56}},"51":{"start":{"line":163,"column":8},"end":{"line":163,"column":26}},"52":{"start":{"line":166,"column":8},"end":{"line":166,"column":22}},"53":{"start":{"line":171,"column":0},"end":{"line":185,"column":1}},"54":{"start":{"line":172,"column":4},"end":{"line":184,"column":5}},"55":{"start":{"line":173,"column":22},"end":{"line":173,"column":39}},"56":{"start":{"line":174,"column":26},"end":{"line":176,"column":10}},"57":{"start":{"line":175,"column":12},"end":{"line":175,"column":54}},"58":{"start":{"line":177,"column":8},"end":{"line":179,"column":9}},"59":{"start":{"line":178,"column":12},"end":{"line":178,"column":55}},"60":{"start":{"line":180,"column":8},"end":{"line":180,"column":31}},"61":{"start":{"line":181,"column":8},"end":{"line":181,"column":26}},"62":{"start":{"line":188,"column":0},"end":{"line":205,"column":1}},"63":{"start":{"line":189,"column":4},"end":{"line":202,"column":5}},"64":{"start":{"line":190,"column":23},"end":{"line":190,"column":25}},"65":{"start":{"line":191,"column":26},"end":{"line":193,"column":10}},"66":{"start":{"line":192,"column":12},"end":{"line":192,"column":54}},"67":{"start":{"line":195,"column":8},"end":{"line":197,"column":9}},"68":{"start":{"line":196,"column":12},"end":{"line":196,"column":57}},"69":{"start":{"line":198,"column":8},"end":{"line":198,"column":24}},"70":{"start":{"line":207,"column":0},"end":{"line":213,"column":1}},"71":{"start":{"line":209,"column":18},"end":{"line":209,"column":33}},"72":{"start":{"line":210,"column":8},"end":{"line":210,"column":28}},"73":{"start":{"line":211,"column":8},"end":{"line":211,"column":25}},"74":{"start":{"line":212,"column":8},"end":{"line":212,"column":19}},"75":{"start":{"line":215,"column":0},"end":{"line":229,"column":1}},"76":{"start":{"line":216,"column":8},"end":{"line":227,"column":9}},"77":{"start":{"line":217,"column":12},"end":{"line":223,"column":6}},"78":{"start":{"line":218,"column":26},"end":{"line":218,"column":41}},"79":{"start":{"line":219,"column":16},"end":{"line":219,"column":35}},"80":{"start":{"line":220,"column":16},"end":{"line":220,"column":36}},"81":{"start":{"line":221,"column":16},"end":{"line":221,"column":33}},"82":{"start":{"line":222,"column":16},"end":{"line":222,"column":27}},"83":{"start":{"line":225,"column":12},"end":{"line":225,"column":31}},"84":{"start":{"line":232,"column":0},"end":{"line":232,"column":51}}},"fnMap":{"0":{"name":"(anonymous_0)","decl":{"start":{"line":72,"column":38},"end":{"line":72,"column":39}},"loc":{"start":{"line":72,"column":68},"end":{"line":81,"column":1}},"line":72},"1":{"name":"(anonymous_1)","decl":{"start":{"line":83,"column":37},"end":{"line":83,"column":38}},"loc":{"start":{"line":83,"column":80},"end":{"line":93,"column":1}},"line":83},"2":{"name":"(anonymous_2)","decl":{"start":{"line":94,"column":34},"end":{"line":94,"column":35}},"loc":{"start":{"line":94,"column":55},"end":{"line":100,"column":1}},"line":94},"3":{"name":"(anonymous_3)","decl":{"start":{"line":102,"column":31},"end":{"line":102,"column":32}},"loc":{"start":{"line":102,"column":54},"end":{"line":123,"column":1}},"line":102},"4":{"name":"(anonymous_4)","decl":{"start":{"line":105,"column":57},"end":{"line":105,"column":58}},"loc":{"start":{"line":106,"column":12},"end":{"line":106,"column":72}},"line":106},"5":{"name":"(anonymous_5)","decl":{"start":{"line":125,"column":41},"end":{"line":125,"column":42}},"loc":{"start":{"line":125,"column":64},"end":{"line":145,"column":1}},"line":125},"6":{"name":"(anonymous_6)","decl":{"start":{"line":130,"column":67},"end":{"line":130,"column":68}},"loc":{"start":{"line":131,"column":12},"end":{"line":131,"column":68}},"line":131},"7":{"name":"(anonymous_7)","decl":{"start":{"line":133,"column":55},"end":{"line":133,"column":56}},"loc":{"start":{"line":134,"column":12},"end":{"line":134,"column":68}},"line":134},"8":{"name":"(anonymous_8)","decl":{"start":{"line":147,"column":39},"end":{"line":147,"column":40}},"loc":{"start":{"line":147,"column":62},"end":{"line":169,"column":1}},"line":147},"9":{"name":"(anonymous_9)","decl":{"start":{"line":150,"column":71},"end":{"line":150,"column":72}},"loc":{"start":{"line":151,"column":12},"end":{"line":151,"column":68}},"line":151},"10":{"name":"(anonymous_10)","decl":{"start":{"line":171,"column":33},"end":{"line":171,"column":34}},"loc":{"start":{"line":171,"column":63},"end":{"line":185,"column":1}},"line":171},"11":{"name":"(anonymous_11)","decl":{"start":{"line":174,"column":44},"end":{"line":174,"column":45}},"loc":{"start":{"line":175,"column":12},"end":{"line":175,"column":54}},"line":175},"12":{"name":"(anonymous_12)","decl":{"start":{"line":188,"column":33},"end":{"line":188,"column":34}},"loc":{"start":{"line":188,"column":48},"end":{"line":205,"column":1}},"line":188},"13":{"name":"(anonymous_13)","decl":{"start":{"line":191,"column":49},"end":{"line":191,"column":50}},"loc":{"start":{"line":192,"column":12},"end":{"line":192,"column":54}},"line":192},"14":{"name":"(anonymous_14)","decl":{"start":{"line":207,"column":36},"end":{"line":207,"column":37}},"loc":{"start":{"line":207,"column":47},"end":{"line":213,"column":1}},"line":207},"15":{"name":"(anonymous_15)","decl":{"start":{"line":215,"column":32},"end":{"line":215,"column":33}},"loc":{"start":{"line":215,"column":48},"end":{"line":229,"column":1}},"line":215},"16":{"name":"(anonymous_16)","decl":{"start":{"line":217,"column":29},"end":{"line":217,"column":30}},"loc":{"start":{"line":217,"column":37},"end":{"line":223,"column":5}},"line":217}},"branchMap":{"0":{"loc":{"start":{"line":108,"column":8},"end":{"line":110,"column":9}},"type":"if","locations":[{"start":{"line":108,"column":8},"end":{"line":110,"column":9}},{"start":{"line":108,"column":8},"end":{"line":110,"column":9}}],"line":108},"1":{"loc":{"start":{"line":153,"column":8},"end":{"line":155,"column":9}},"type":"if","locations":[{"start":{"line":153,"column":8},"end":{"line":155,"column":9}},{"start":{"line":153,"column":8},"end":{"line":155,"column":9}}],"line":153},"2":{"loc":{"start":{"line":177,"column":8},"end":{"line":179,"column":9}},"type":"if","locations":[{"start":{"line":177,"column":8},"end":{"line":179,"column":9}},{"start":{"line":177,"column":8},"end":{"line":179,"column":9}}],"line":177},"3":{"loc":{"start":{"line":195,"column":8},"end":{"line":197,"column":9}},"type":"if","locations":[{"start":{"line":195,"column":8},"end":{"line":197,"column":9}},{"start":{"line":195,"column":8},"end":{"line":197,"column":9}}],"line":195}},"s":{"0":4,"1":4,"2":4,"3":4,"4":4,"5":4,"6":0,"7":0,"8":0,"9":0,"10":4,"11":13,"12":13,"13":13,"14":0,"15":4,"16":0,"17":0,"18":0,"19":4,"20":2,"21":2,"22":2,"23":2,"24":2,"25":2,"26":0,"27":0,"28":0,"29":0,"30":4,"31":1,"32":1,"33":1,"34":1,"35":1,"36":1,"37":0,"38":1,"39":1,"40":1,"41":0,"42":4,"43":1,"44":1,"45":1,"46":0,"47":1,"48":0,"49":1,"50":1,"51":1,"52":0,"53":4,"54":0,"55":0,"56":0,"57":0,"58":0,"59":0,"60":0,"61":0,"62":4,"63":0,"64":0,"65":0,"66":0,"67":0,"68":0,"69":0,"70":4,"71":47,"72":47,"73":47,"74":47,"75":4,"76":1,"77":1,"78":2,"79":2,"80":2,"81":2,"82":2,"83":0,"84":4},"f":{"0":0,"1":13,"2":0,"3":2,"4":2,"5":1,"6":1,"7":0,"8":1,"9":0,"10":0,"11":0,"12":0,"13":0,"14":47,"15":1,"16":2},"b":{"0":[2,0],"1":[0,1],"2":[0,0],"3":[0,0]},"_coverageSchema":"43e27e138ebf9cfc5966b082cf9a028302ed4184","hash":"ad4f28632ae87662fd8554c93546cacf420faa5d"}
,"C:\\Users\\DJETHA\\eclipse-workspace\\Application\\Web\\simply-chat\\services\\auth.js": {"path":"C:\\Users\\DJETHA\\eclipse-workspace\\Application\\Web\\simply-chat\\services\\auth.js","statementMap":{"0":{"start":{"line":1,"column":12},"end":{"line":1,"column":35}},"1":{"start":{"line":2,"column":15},"end":{"line":2,"column":35}},"2":{"start":{"line":3,"column":15},"end":{"line":3,"column":35}},"3":{"start":{"line":11,"column":8},"end":{"line":11,"column":25}},"4":{"start":{"line":12,"column":8},"end":{"line":12,"column":32}},"5":{"start":{"line":21,"column":18},"end":{"line":25,"column":9}},"6":{"start":{"line":26,"column":8},"end":{"line":28,"column":11}},"7":{"start":{"line":32,"column":25},"end":{"line":34,"column":10}},"8":{"start":{"line":35,"column":32},"end":{"line":35,"column":64}},"9":{"start":{"line":36,"column":34},"end":{"line":36,"column":68}},"10":{"start":{"line":37,"column":8},"end":{"line":37,"column":54}},"11":{"start":{"line":38,"column":8},"end":{"line":38,"column":54}},"12":{"start":{"line":42,"column":22},"end":{"line":42,"column":57}},"13":{"start":{"line":43,"column":8},"end":{"line":43,"column":39}},"14":{"start":{"line":44,"column":8},"end":{"line":44,"column":42}},"15":{"start":{"line":45,"column":8},"end":{"line":45,"column":39}},"16":{"start":{"line":46,"column":8},"end":{"line":50,"column":9}},"17":{"start":{"line":47,"column":12},"end":{"line":47,"column":34}},"18":{"start":{"line":49,"column":12},"end":{"line":49,"column":46}},"19":{"start":{"line":51,"column":8},"end":{"line":51,"column":39}},"20":{"start":{"line":52,"column":31},"end":{"line":52,"column":58}},"21":{"start":{"line":53,"column":8},"end":{"line":53,"column":48}},"22":{"start":{"line":54,"column":8},"end":{"line":54,"column":40}},"23":{"start":{"line":58,"column":34},"end":{"line":58,"column":43}},"24":{"start":{"line":59,"column":27},"end":{"line":59,"column":61}},"25":{"start":{"line":60,"column":8},"end":{"line":62,"column":9}},"26":{"start":{"line":61,"column":12},"end":{"line":61,"column":51}},"27":{"start":{"line":63,"column":24},"end":{"line":63,"column":66}},"28":{"start":{"line":64,"column":8},"end":{"line":71,"column":9}},"29":{"start":{"line":65,"column":35},"end":{"line":65,"column":65}},"30":{"start":{"line":66,"column":32},"end":{"line":66,"column":59}},"31":{"start":{"line":67,"column":12},"end":{"line":67,"column":48}},"32":{"start":{"line":70,"column":12},"end":{"line":70,"column":59}},"33":{"start":{"line":78,"column":0},"end":{"line":78,"column":29}}},"fnMap":{"0":{"name":"(anonymous_0)","decl":{"start":{"line":10,"column":4},"end":{"line":10,"column":5}},"loc":{"start":{"line":10,"column":38},"end":{"line":13,"column":5}},"line":10},"1":{"name":"(anonymous_1)","decl":{"start":{"line":20,"column":4},"end":{"line":20,"column":5}},"loc":{"start":{"line":20,"column":24},"end":{"line":29,"column":5}},"line":20},"2":{"name":"(anonymous_2)","decl":{"start":{"line":31,"column":4},"end":{"line":31,"column":5}},"loc":{"start":{"line":31,"column":37},"end":{"line":39,"column":5}},"line":31},"3":{"name":"(anonymous_3)","decl":{"start":{"line":41,"column":4},"end":{"line":41,"column":5}},"loc":{"start":{"line":41,"column":19},"end":{"line":55,"column":5}},"line":41},"4":{"name":"(anonymous_4)","decl":{"start":{"line":57,"column":4},"end":{"line":57,"column":5}},"loc":{"start":{"line":57,"column":19},"end":{"line":72,"column":3}},"line":57}},"branchMap":{"0":{"loc":{"start":{"line":10,"column":22},"end":{"line":10,"column":37}},"type":"default-arg","locations":[{"start":{"line":10,"column":33},"end":{"line":10,"column":37}}],"line":10},"1":{"loc":{"start":{"line":46,"column":8},"end":{"line":50,"column":9}},"type":"if","locations":[{"start":{"line":46,"column":8},"end":{"line":50,"column":9}},{"start":{"line":46,"column":8},"end":{"line":50,"column":9}}],"line":46},"2":{"loc":{"start":{"line":60,"column":8},"end":{"line":62,"column":9}},"type":"if","locations":[{"start":{"line":60,"column":8},"end":{"line":62,"column":9}},{"start":{"line":60,"column":8},"end":{"line":62,"column":9}}],"line":60},"3":{"loc":{"start":{"line":64,"column":8},"end":{"line":71,"column":9}},"type":"if","locations":[{"start":{"line":64,"column":8},"end":{"line":71,"column":9}},{"start":{"line":64,"column":8},"end":{"line":71,"column":9}}],"line":64}},"s":{"0":4,"1":4,"2":4,"3":13,"4":13,"5":13,"6":13,"7":0,"8":0,"9":0,"10":0,"11":0,"12":0,"13":0,"14":0,"15":0,"16":0,"17":0,"18":0,"19":0,"20":0,"21":0,"22":0,"23":13,"24":13,"25":13,"26":0,"27":13,"28":13,"29":13,"30":13,"31":13,"32":0,"33":4},"f":{"0":13,"1":13,"2":0,"3":0,"4":13},"b":{"0":[13],"1":[0,0],"2":[0,13],"3":[13,0]},"_coverageSchema":"43e27e138ebf9cfc5966b082cf9a028302ed4184","hash":"84f0b845648d1ead78e8806d040c7143679b2b97"}
,"C:\\Users\\DJETHA\\eclipse-workspace\\Application\\Web\\simply-chat\\services\\chat.js": {"path":"C:\\Users\\DJETHA\\eclipse-workspace\\Application\\Web\\simply-chat\\services\\chat.js","statementMap":{"0":{"start":{"line":1,"column":15},"end":{"line":1,"column":43}},"1":{"start":{"line":2,"column":15},"end":{"line":2,"column":35}},"2":{"start":{"line":3,"column":18},"end":{"line":3,"column":37}},"3":{"start":{"line":10,"column":19},"end":{"line":12,"column":10}},"4":{"start":{"line":13,"column":8},"end":{"line":13,"column":25}},"5":{"start":{"line":14,"column":20},"end":{"line":14,"column":44}},"6":{"start":{"line":15,"column":8},"end":{"line":15,"column":59}},"7":{"start":{"line":16,"column":8},"end":{"line":16,"column":20}},"8":{"start":{"line":20,"column":20},"end":{"line":20,"column":81}},"9":{"start":{"line":21,"column":19},"end":{"line":21,"column":64}},"10":{"start":{"line":22,"column":8},"end":{"line":37,"column":9}},"11":{"start":{"line":22,"column":43},"end":{"line":22,"column":75}},"12":{"start":{"line":23,"column":12},"end":{"line":26,"column":14}},"13":{"start":{"line":28,"column":12},"end":{"line":28,"column":29}},"14":{"start":{"line":31,"column":12},"end":{"line":35,"column":14}},"15":{"start":{"line":32,"column":16},"end":{"line":34,"column":26}},"16":{"start":{"line":36,"column":12},"end":{"line":36,"column":30}},"17":{"start":{"line":38,"column":8},"end":{"line":40,"column":10}},"18":{"start":{"line":41,"column":8},"end":{"line":41,"column":69}},"19":{"start":{"line":42,"column":8},"end":{"line":42,"column":19}},"20":{"start":{"line":46,"column":20},"end":{"line":46,"column":80}},"21":{"start":{"line":47,"column":19},"end":{"line":49,"column":10}},"22":{"start":{"line":50,"column":8},"end":{"line":52,"column":9}},"23":{"start":{"line":51,"column":12},"end":{"line":51,"column":42}},"24":{"start":{"line":53,"column":8},"end":{"line":55,"column":10}},"25":{"start":{"line":56,"column":8},"end":{"line":56,"column":67}},"26":{"start":{"line":57,"column":8},"end":{"line":57,"column":20}},"27":{"start":{"line":64,"column":8},"end":{"line":87,"column":9}},"28":{"start":{"line":65,"column":25},"end":{"line":65,"column":50}},"29":{"start":{"line":66,"column":24},"end":{"line":66,"column":48}},"30":{"start":{"line":67,"column":12},"end":{"line":83,"column":13}},"31":{"start":{"line":68,"column":16},"end":{"line":81,"column":21}},"32":{"start":{"line":68,"column":29},"end":{"line":68,"column":30}},"33":{"start":{"line":69,"column":20},"end":{"line":80,"column":25}},"34":{"start":{"line":70,"column":24},"end":{"line":74,"column":29}},"35":{"start":{"line":70,"column":48},"end":{"line":70,"column":83}},"36":{"start":{"line":71,"column":39},"end":{"line":71,"column":56}},"37":{"start":{"line":72,"column":28},"end":{"line":73,"column":39}},"38":{"start":{"line":77,"column":39},"end":{"line":77,"column":56}},"39":{"start":{"line":78,"column":28},"end":{"line":79,"column":39}},"40":{"start":{"line":82,"column":16},"end":{"line":82,"column":53}},"41":{"start":{"line":86,"column":12},"end":{"line":86,"column":24}},"42":{"start":{"line":91,"column":20},"end":{"line":91,"column":81}},"43":{"start":{"line":92,"column":19},"end":{"line":92,"column":78}},"44":{"start":{"line":93,"column":23},"end":{"line":93,"column":36}},"45":{"start":{"line":94,"column":19},"end":{"line":94,"column":29}},"46":{"start":{"line":95,"column":8},"end":{"line":97,"column":10}},"47":{"start":{"line":98,"column":8},"end":{"line":104,"column":9}},"48":{"start":{"line":99,"column":27},"end":{"line":102,"column":9}},"49":{"start":{"line":103,"column":8},"end":{"line":103,"column":24}},"50":{"start":{"line":108,"column":19},"end":{"line":110,"column":10}},"51":{"start":{"line":111,"column":20},"end":{"line":111,"column":44}},"52":{"start":{"line":112,"column":26},"end":{"line":112,"column":74}},"53":{"start":{"line":113,"column":28},"end":{"line":119,"column":9}},"54":{"start":{"line":113,"column":56},"end":{"line":117,"column":17}},"55":{"start":{"line":115,"column":47},"end":{"line":115,"column":89}},"56":{"start":{"line":116,"column":46},"end":{"line":116,"column":88}},"57":{"start":{"line":120,"column":8},"end":{"line":120,"column":56}},"58":{"start":{"line":121,"column":8},"end":{"line":121,"column":28}},"59":{"start":{"line":125,"column":27},"end":{"line":127,"column":10}},"60":{"start":{"line":128,"column":25},"end":{"line":130,"column":10}},"61":{"start":{"line":131,"column":29},"end":{"line":131,"column":62}},"62":{"start":{"line":132,"column":8},"end":{"line":132,"column":56}},"63":{"start":{"line":134,"column":8},"end":{"line":137,"column":9}},"64":{"start":{"line":141,"column":18},"end":{"line":141,"column":28}},"65":{"start":{"line":142,"column":19},"end":{"line":144,"column":10}},"66":{"start":{"line":145,"column":8},"end":{"line":151,"column":9}},"67":{"start":{"line":146,"column":12},"end":{"line":146,"column":34}},"68":{"start":{"line":147,"column":12},"end":{"line":147,"column":33}},"69":{"start":{"line":148,"column":12},"end":{"line":148,"column":30}},"70":{"start":{"line":149,"column":12},"end":{"line":149,"column":61}},"71":{"start":{"line":154,"column":19},"end":{"line":156,"column":10}},"72":{"start":{"line":157,"column":8},"end":{"line":157,"column":33}},"73":{"start":{"line":158,"column":8},"end":{"line":158,"column":25}},"74":{"start":{"line":159,"column":8},"end":{"line":159,"column":71}},"75":{"start":{"line":164,"column":22},"end":{"line":164,"column":46}},"76":{"start":{"line":165,"column":30},"end":{"line":165,"column":65}},"77":{"start":{"line":166,"column":26},"end":{"line":166,"column":74}},"78":{"start":{"line":167,"column":8},"end":{"line":172,"column":9}},"79":{"start":{"line":167,"column":41},"end":{"line":171,"column":13}},"80":{"start":{"line":169,"column":49},"end":{"line":169,"column":82}},"81":{"start":{"line":174,"column":8},"end":{"line":177,"column":9}},"82":{"start":{"line":181,"column":0},"end":{"line":181,"column":29}}},"fnMap":{"0":{"name":"(anonymous_0)","decl":{"start":{"line":9,"column":4},"end":{"line":9,"column":5}},"loc":{"start":{"line":9,"column":37},"end":{"line":17,"column":5}},"line":9},"1":{"name":"(anonymous_1)","decl":{"start":{"line":19,"column":4},"end":{"line":19,"column":5}},"loc":{"start":{"line":19,"column":54},"end":{"line":43,"column":4}},"line":19},"2":{"name":"(anonymous_2)","decl":{"start":{"line":22,"column":29},"end":{"line":22,"column":30}},"loc":{"start":{"line":22,"column":43},"end":{"line":22,"column":75}},"line":22},"3":{"name":"(anonymous_3)","decl":{"start":{"line":31,"column":27},"end":{"line":31,"column":28}},"loc":{"start":{"line":31,"column":41},"end":{"line":35,"column":13}},"line":31},"4":{"name":"(anonymous_4)","decl":{"start":{"line":45,"column":4},"end":{"line":45,"column":5}},"loc":{"start":{"line":45,"column":44},"end":{"line":58,"column":5}},"line":45},"5":{"name":"(anonymous_5)","decl":{"start":{"line":63,"column":4},"end":{"line":63,"column":5}},"loc":{"start":{"line":63,"column":27},"end":{"line":88,"column":5}},"line":63},"6":{"name":"(anonymous_6)","decl":{"start":{"line":70,"column":40},"end":{"line":70,"column":41}},"loc":{"start":{"line":70,"column":48},"end":{"line":70,"column":83}},"line":70},"7":{"name":"(anonymous_7)","decl":{"start":{"line":90,"column":4},"end":{"line":90,"column":5}},"loc":{"start":{"line":90,"column":45},"end":{"line":105,"column":5}},"line":90},"8":{"name":"(anonymous_8)","decl":{"start":{"line":107,"column":4},"end":{"line":107,"column":5}},"loc":{"start":{"line":107,"column":51},"end":{"line":122,"column":5}},"line":107},"9":{"name":"(anonymous_9)","decl":{"start":{"line":113,"column":45},"end":{"line":113,"column":46}},"loc":{"start":{"line":113,"column":56},"end":{"line":117,"column":17}},"line":113},"10":{"name":"(anonymous_10)","decl":{"start":{"line":115,"column":39},"end":{"line":115,"column":40}},"loc":{"start":{"line":115,"column":47},"end":{"line":115,"column":89}},"line":115},"11":{"name":"(anonymous_11)","decl":{"start":{"line":116,"column":38},"end":{"line":116,"column":39}},"loc":{"start":{"line":116,"column":46},"end":{"line":116,"column":88}},"line":116},"12":{"name":"(anonymous_12)","decl":{"start":{"line":124,"column":4},"end":{"line":124,"column":5}},"loc":{"start":{"line":124,"column":50},"end":{"line":138,"column":5}},"line":124},"13":{"name":"(anonymous_13)","decl":{"start":{"line":140,"column":4},"end":{"line":140,"column":5}},"loc":{"start":{"line":140,"column":44},"end":{"line":152,"column":5}},"line":140},"14":{"name":"(anonymous_14)","decl":{"start":{"line":153,"column":4},"end":{"line":153,"column":5}},"loc":{"start":{"line":153,"column":52},"end":{"line":161,"column":5}},"line":153},"15":{"name":"(anonymous_15)","decl":{"start":{"line":163,"column":4},"end":{"line":163,"column":5}},"loc":{"start":{"line":163,"column":33},"end":{"line":178,"column":5}},"line":163},"16":{"name":"(anonymous_16)","decl":{"start":{"line":167,"column":32},"end":{"line":167,"column":33}},"loc":{"start":{"line":167,"column":41},"end":{"line":171,"column":13}},"line":167},"17":{"name":"(anonymous_17)","decl":{"start":{"line":169,"column":39},"end":{"line":169,"column":40}},"loc":{"start":{"line":169,"column":49},"end":{"line":169,"column":82}},"line":169}},"branchMap":{"0":{"loc":{"start":{"line":22,"column":8},"end":{"line":37,"column":9}},"type":"if","locations":[{"start":{"line":22,"column":8},"end":{"line":37,"column":9}},{"start":{"line":22,"column":8},"end":{"line":37,"column":9}}],"line":22},"1":{"loc":{"start":{"line":32,"column":23},"end":{"line":34,"column":26}},"type":"cond-expr","locations":[{"start":{"line":33,"column":17},"end":{"line":33,"column":42}},{"start":{"line":34,"column":16},"end":{"line":34,"column":26}}],"line":32},"2":{"loc":{"start":{"line":50,"column":8},"end":{"line":52,"column":9}},"type":"if","locations":[{"start":{"line":50,"column":8},"end":{"line":52,"column":9}},{"start":{"line":50,"column":8},"end":{"line":52,"column":9}}],"line":50},"3":{"loc":{"start":{"line":67,"column":12},"end":{"line":83,"column":13}},"type":"if","locations":[{"start":{"line":67,"column":12},"end":{"line":83,"column":13}},{"start":{"line":67,"column":12},"end":{"line":83,"column":13}}],"line":67},"4":{"loc":{"start":{"line":69,"column":20},"end":{"line":80,"column":25}},"type":"if","locations":[{"start":{"line":69,"column":20},"end":{"line":80,"column":25}},{"start":{"line":69,"column":20},"end":{"line":80,"column":25}}],"line":69},"5":{"loc":{"start":{"line":70,"column":24},"end":{"line":74,"column":29}},"type":"if","locations":[{"start":{"line":70,"column":24},"end":{"line":74,"column":29}},{"start":{"line":70,"column":24},"end":{"line":74,"column":29}}],"line":70},"6":{"loc":{"start":{"line":98,"column":8},"end":{"line":104,"column":9}},"type":"if","locations":[{"start":{"line":98,"column":8},"end":{"line":104,"column":9}},{"start":{"line":98,"column":8},"end":{"line":104,"column":9}}],"line":98},"7":{"loc":{"start":{"line":145,"column":8},"end":{"line":151,"column":9}},"type":"if","locations":[{"start":{"line":145,"column":8},"end":{"line":151,"column":9}},{"start":{"line":145,"column":8},"end":{"line":151,"column":9}}],"line":145}},"s":{"0":4,"1":4,"2":4,"3":0,"4":0,"5":0,"6":0,"7":0,"8":0,"9":0,"10":0,"11":0,"12":0,"13":0,"14":0,"15":0,"16":0,"17":0,"18":0,"19":0,"20":0,"21":0,"22":0,"23":0,"24":0,"25":0,"26":0,"27":0,"28":0,"29":0,"30":0,"31":0,"32":0,"33":0,"34":0,"35":0,"36":0,"37":0,"38":0,"39":0,"40":0,"41":0,"42":0,"43":0,"44":0,"45":0,"46":0,"47":0,"48":0,"49":0,"50":0,"51":0,"52":0,"53":0,"54":0,"55":0,"56":0,"57":0,"58":0,"59":0,"60":0,"61":0,"62":0,"63":0,"64":0,"65":0,"66":0,"67":0,"68":0,"69":0,"70":0,"71":0,"72":0,"73":0,"74":0,"75":0,"76":0,"77":0,"78":0,"79":0,"80":0,"81":0,"82":4},"f":{"0":0,"1":0,"2":0,"3":0,"4":0,"5":0,"6":0,"7":0,"8":0,"9":0,"10":0,"11":0,"12":0,"13":0,"14":0,"15":0,"16":0,"17":0},"b":{"0":[0,0],"1":[0,0],"2":[0,0],"3":[0,0],"4":[0,0],"5":[0,0],"6":[0,0],"7":[0,0]},"_coverageSchema":"43e27e138ebf9cfc5966b082cf9a028302ed4184","hash":"e8d72db2e9534831b58c160ae09e1c1d74ca7794"}
,"C:\\Users\\DJETHA\\eclipse-workspace\\Application\\Web\\simply-chat\\services\\event.js": {"path":"C:\\Users\\DJETHA\\eclipse-workspace\\Application\\Web\\simply-chat\\services\\event.js","statementMap":{"0":{"start":{"line":1,"column":15},"end":{"line":1,"column":35}},"1":{"start":{"line":2,"column":15},"end":{"line":2,"column":43}},"2":{"start":{"line":13,"column":8},"end":{"line":13,"column":39}},"3":{"start":{"line":14,"column":8},"end":{"line":14,"column":39}},"4":{"start":{"line":15,"column":8},"end":{"line":15,"column":31}},"5":{"start":{"line":24,"column":20},"end":{"line":24,"column":63}},"6":{"start":{"line":25,"column":8},"end":{"line":25,"column":51}},"7":{"start":{"line":26,"column":8},"end":{"line":26,"column":34}},"8":{"start":{"line":27,"column":23},"end":{"line":27,"column":48}},"9":{"start":{"line":28,"column":8},"end":{"line":28,"column":31}},"10":{"start":{"line":36,"column":20},"end":{"line":36,"column":61}},"11":{"start":{"line":37,"column":8},"end":{"line":37,"column":62}},"12":{"start":{"line":38,"column":8},"end":{"line":38,"column":27}},"13":{"start":{"line":39,"column":24},"end":{"line":39,"column":49}},"14":{"start":{"line":40,"column":8},"end":{"line":40,"column":88}},"15":{"start":{"line":41,"column":8},"end":{"line":41,"column":24}},"16":{"start":{"line":49,"column":22},"end":{"line":49,"column":63}},"17":{"start":{"line":50,"column":8},"end":{"line":50,"column":62}},"18":{"start":{"line":51,"column":8},"end":{"line":51,"column":27}},"19":{"start":{"line":52,"column":24},"end":{"line":52,"column":49}},"20":{"start":{"line":53,"column":8},"end":{"line":53,"column":89}},"21":{"start":{"line":54,"column":8},"end":{"line":54,"column":24}},"22":{"start":{"line":62,"column":8},"end":{"line":62,"column":58}},"23":{"start":{"line":63,"column":24},"end":{"line":63,"column":49}},"24":{"start":{"line":64,"column":8},"end":{"line":64,"column":24}},"25":{"start":{"line":69,"column":0},"end":{"line":69,"column":30}}},"fnMap":{"0":{"name":"(anonymous_0)","decl":{"start":{"line":12,"column":4},"end":{"line":12,"column":5}},"loc":{"start":{"line":12,"column":65},"end":{"line":16,"column":5}},"line":12},"1":{"name":"(anonymous_1)","decl":{"start":{"line":23,"column":4},"end":{"line":23,"column":5}},"loc":{"start":{"line":23,"column":23},"end":{"line":29,"column":5}},"line":23},"2":{"name":"(anonymous_2)","decl":{"start":{"line":35,"column":4},"end":{"line":35,"column":5}},"loc":{"start":{"line":35,"column":21},"end":{"line":42,"column":5}},"line":35},"3":{"name":"(anonymous_3)","decl":{"start":{"line":48,"column":4},"end":{"line":48,"column":5}},"loc":{"start":{"line":48,"column":22},"end":{"line":55,"column":5}},"line":48},"4":{"name":"(anonymous_4)","decl":{"start":{"line":61,"column":4},"end":{"line":61,"column":5}},"loc":{"start":{"line":61,"column":23},"end":{"line":66,"column":5}},"line":61}},"branchMap":{"0":{"loc":{"start":{"line":12,"column":16},"end":{"line":12,"column":32}},"type":"default-arg","locations":[{"start":{"line":12,"column":28},"end":{"line":12,"column":32}}],"line":12},"1":{"loc":{"start":{"line":12,"column":34},"end":{"line":12,"column":50}},"type":"default-arg","locations":[{"start":{"line":12,"column":46},"end":{"line":12,"column":50}}],"line":12},"2":{"loc":{"start":{"line":12,"column":52},"end":{"line":12,"column":64}},"type":"default-arg","locations":[{"start":{"line":12,"column":60},"end":{"line":12,"column":64}}],"line":12}},"s":{"0":4,"1":4,"2":4,"3":4,"4":4,"5":1,"6":1,"7":1,"8":1,"9":1,"10":2,"11":1,"12":1,"13":1,"14":1,"15":1,"16":1,"17":1,"18":1,"19":1,"20":1,"21":1,"22":0,"23":0,"24":0,"25":4},"f":{"0":4,"1":1,"2":2,"3":1,"4":0},"b":{"0":[0],"1":[0],"2":[1]},"_coverageSchema":"43e27e138ebf9cfc5966b082cf9a028302ed4184","hash":"9630a99de3b4e74f99c8c41494b3a63569ea54fe"}
,"C:\\Users\\DJETHA\\eclipse-workspace\\Application\\Web\\simply-chat\\services\\group.js": {"path":"C:\\Users\\DJETHA\\eclipse-workspace\\Application\\Web\\simply-chat\\services\\group.js","statementMap":{"0":{"start":{"line":1,"column":15},"end":{"line":1,"column":35}},"1":{"start":{"line":2,"column":15},"end":{"line":2,"column":43}},"2":{"start":{"line":14,"column":8},"end":{"line":14,"column":39}},"3":{"start":{"line":15,"column":8},"end":{"line":15,"column":39}},"4":{"start":{"line":16,"column":8},"end":{"line":16,"column":31}},"5":{"start":{"line":25,"column":25},"end":{"line":25,"column":68}},"6":{"start":{"line":26,"column":22},"end":{"line":26,"column":43}},"7":{"start":{"line":27,"column":21},"end":{"line":27,"column":46}},"8":{"start":{"line":28,"column":8},"end":{"line":28,"column":30}},"9":{"start":{"line":36,"column":20},"end":{"line":36,"column":61}},"10":{"start":{"line":37,"column":8},"end":{"line":37,"column":60}},"11":{"start":{"line":38,"column":8},"end":{"line":38,"column":27}},"12":{"start":{"line":39,"column":24},"end":{"line":39,"column":49}},"13":{"start":{"line":40,"column":8},"end":{"line":40,"column":90}},"14":{"start":{"line":41,"column":8},"end":{"line":41,"column":24}},"15":{"start":{"line":49,"column":22},"end":{"line":49,"column":63}},"16":{"start":{"line":50,"column":8},"end":{"line":50,"column":60}},"17":{"start":{"line":51,"column":8},"end":{"line":51,"column":27}},"18":{"start":{"line":52,"column":24},"end":{"line":52,"column":49}},"19":{"start":{"line":53,"column":8},"end":{"line":53,"column":88}},"20":{"start":{"line":54,"column":8},"end":{"line":54,"column":24}},"21":{"start":{"line":58,"column":8},"end":{"line":58,"column":58}},"22":{"start":{"line":59,"column":24},"end":{"line":59,"column":49}},"23":{"start":{"line":60,"column":8},"end":{"line":60,"column":24}},"24":{"start":{"line":65,"column":0},"end":{"line":65,"column":29}}},"fnMap":{"0":{"name":"(anonymous_0)","decl":{"start":{"line":13,"column":4},"end":{"line":13,"column":5}},"loc":{"start":{"line":13,"column":65},"end":{"line":17,"column":5}},"line":13},"1":{"name":"(anonymous_1)","decl":{"start":{"line":24,"column":4},"end":{"line":24,"column":5}},"loc":{"start":{"line":24,"column":23},"end":{"line":29,"column":5}},"line":24},"2":{"name":"(anonymous_2)","decl":{"start":{"line":35,"column":4},"end":{"line":35,"column":5}},"loc":{"start":{"line":35,"column":21},"end":{"line":42,"column":5}},"line":35},"3":{"name":"(anonymous_3)","decl":{"start":{"line":48,"column":4},"end":{"line":48,"column":5}},"loc":{"start":{"line":48,"column":22},"end":{"line":55,"column":5}},"line":48},"4":{"name":"(anonymous_4)","decl":{"start":{"line":57,"column":4},"end":{"line":57,"column":5}},"loc":{"start":{"line":57,"column":23},"end":{"line":62,"column":5}},"line":57}},"branchMap":{"0":{"loc":{"start":{"line":13,"column":16},"end":{"line":13,"column":32}},"type":"default-arg","locations":[{"start":{"line":13,"column":28},"end":{"line":13,"column":32}}],"line":13},"1":{"loc":{"start":{"line":13,"column":34},"end":{"line":13,"column":50}},"type":"default-arg","locations":[{"start":{"line":13,"column":46},"end":{"line":13,"column":50}}],"line":13},"2":{"loc":{"start":{"line":13,"column":52},"end":{"line":13,"column":64}},"type":"default-arg","locations":[{"start":{"line":13,"column":60},"end":{"line":13,"column":64}}],"line":13}},"s":{"0":4,"1":4,"2":3,"3":3,"4":3,"5":0,"6":0,"7":0,"8":0,"9":2,"10":1,"11":1,"12":1,"13":1,"14":1,"15":1,"16":1,"17":1,"18":1,"19":1,"20":1,"21":0,"22":0,"23":0,"24":4},"f":{"0":3,"1":0,"2":2,"3":1,"4":0},"b":{"0":[0],"1":[0],"2":[0]},"_coverageSchema":"43e27e138ebf9cfc5966b082cf9a028302ed4184","hash":"158182d80354b7ffdc15cfc643e5e36470e51264"}
,"C:\\Users\\DJETHA\\eclipse-workspace\\Application\\Web\\simply-chat\\services\\index.js": {"path":"C:\\Users\\DJETHA\\eclipse-workspace\\Application\\Web\\simply-chat\\services\\index.js","statementMap":{"0":{"start":{"line":1,"column":0},"end":{"line":1,"column":47}},"1":{"start":{"line":2,"column":0},"end":{"line":2,"column":47}},"2":{"start":{"line":3,"column":0},"end":{"line":3,"column":49}},"3":{"start":{"line":4,"column":0},"end":{"line":4,"column":49}},"4":{"start":{"line":5,"column":0},"end":{"line":5,"column":54}},"5":{"start":{"line":6,"column":0},"end":{"line":6,"column":47}}},"fnMap":{},"branchMap":{},"s":{"0":4,"1":4,"2":4,"3":4,"4":4,"5":4},"f":{},"b":{},"_coverageSchema":"43e27e138ebf9cfc5966b082cf9a028302ed4184","hash":"6cca4bc2b453d30b99623e419b1ec1f2ec30f083"}
,"C:\\Users\\DJETHA\\eclipse-workspace\\Application\\Web\\simply-chat\\services\\messages.js": {"path":"C:\\Users\\DJETHA\\eclipse-workspace\\Application\\Web\\simply-chat\\services\\messages.js","statementMap":{"0":{"start":{"line":1,"column":15},"end":{"line":1,"column":43}},"1":{"start":{"line":2,"column":15},"end":{"line":2,"column":35}},"2":{"start":{"line":3,"column":17},"end":{"line":3,"column":36}},"3":{"start":{"line":14,"column":8},"end":{"line":14,"column":55}},"4":{"start":{"line":15,"column":8},"end":{"line":15,"column":63}},"5":{"start":{"line":16,"column":8},"end":{"line":16,"column":31}},"6":{"start":{"line":17,"column":8},"end":{"line":17,"column":33}},"7":{"start":{"line":25,"column":26},"end":{"line":25,"column":67}},"8":{"start":{"line":26,"column":25},"end":{"line":26,"column":69}},"9":{"start":{"line":27,"column":24},"end":{"line":31,"column":11}},"10":{"start":{"line":32,"column":27},"end":{"line":32,"column":83}},"11":{"start":{"line":33,"column":8},"end":{"line":33,"column":68}},"12":{"start":{"line":34,"column":8},"end":{"line":34,"column":55}},"13":{"start":{"line":35,"column":25},"end":{"line":35,"column":63}},"14":{"start":{"line":36,"column":8},"end":{"line":36,"column":86}},"15":{"start":{"line":37,"column":8},"end":{"line":37,"column":38}},"16":{"start":{"line":45,"column":26},"end":{"line":45,"column":70}},"17":{"start":{"line":46,"column":21},"end":{"line":46,"column":62}},"18":{"start":{"line":47,"column":25},"end":{"line":47,"column":58}},"19":{"start":{"line":48,"column":8},"end":{"line":48,"column":24}},"20":{"start":{"line":52,"column":0},"end":{"line":52,"column":32}}},"fnMap":{"0":{"name":"(anonymous_0)","decl":{"start":{"line":13,"column":4},"end":{"line":13,"column":5}},"loc":{"start":{"line":13,"column":66},"end":{"line":18,"column":5}},"line":13},"1":{"name":"(anonymous_1)","decl":{"start":{"line":24,"column":4},"end":{"line":24,"column":5}},"loc":{"start":{"line":24,"column":25},"end":{"line":38,"column":5}},"line":24},"2":{"name":"(anonymous_2)","decl":{"start":{"line":44,"column":4},"end":{"line":44,"column":5}},"loc":{"start":{"line":44,"column":35},"end":{"line":49,"column":5}},"line":44}},"branchMap":{"0":{"loc":{"start":{"line":13,"column":37},"end":{"line":13,"column":49}},"type":"default-arg","locations":[{"start":{"line":13,"column":45},"end":{"line":13,"column":49}}],"line":13},"1":{"loc":{"start":{"line":13,"column":51},"end":{"line":13,"column":64}},"type":"default-arg","locations":[{"start":{"line":13,"column":60},"end":{"line":13,"column":64}}],"line":13}},"s":{"0":4,"1":4,"2":4,"3":0,"4":0,"5":0,"6":0,"7":0,"8":0,"9":0,"10":0,"11":0,"12":0,"13":0,"14":0,"15":0,"16":0,"17":0,"18":0,"19":0,"20":4},"f":{"0":0,"1":0,"2":0},"b":{"0":[0],"1":[0]},"_coverageSchema":"43e27e138ebf9cfc5966b082cf9a028302ed4184","hash":"ab9de5b1f03dd6d3c9c1b8f7ada6931cbed95c7d"}
,"C:\\Users\\DJETHA\\eclipse-workspace\\Application\\Web\\simply-chat\\services\\user.js": {"path":"C:\\Users\\DJETHA\\eclipse-workspace\\Application\\Web\\simply-chat\\services\\user.js","statementMap":{"0":{"start":{"line":1,"column":15},"end":{"line":1,"column":35}},"1":{"start":{"line":2,"column":17},"end":{"line":2,"column":36}},"2":{"start":{"line":3,"column":15},"end":{"line":3,"column":43}},"3":{"start":{"line":13,"column":8},"end":{"line":13,"column":67}},"4":{"start":{"line":14,"column":8},"end":{"line":14,"column":63}},"5":{"start":{"line":15,"column":8},"end":{"line":15,"column":51}},"6":{"start":{"line":20,"column":8},"end":{"line":21,"column":42}},"7":{"start":{"line":22,"column":28},"end":{"line":22,"column":74}},"8":{"start":{"line":23,"column":28},"end":{"line":23,"column":62}},"9":{"start":{"line":24,"column":8},"end":{"line":24,"column":83}},"10":{"start":{"line":26,"column":8},"end":{"line":26,"column":27}},"11":{"start":{"line":31,"column":26},"end":{"line":31,"column":72}},"12":{"start":{"line":32,"column":26},"end":{"line":32,"column":70}},"13":{"start":{"line":33,"column":36},"end":{"line":33,"column":68}},"14":{"start":{"line":34,"column":8},"end":{"line":34,"column":59}},"15":{"start":{"line":35,"column":8},"end":{"line":35,"column":58}},"16":{"start":{"line":36,"column":8},"end":{"line":36,"column":57}},"17":{"start":{"line":37,"column":22},"end":{"line":37,"column":46}},"18":{"start":{"line":38,"column":8},"end":{"line":38,"column":69}},"19":{"start":{"line":39,"column":8},"end":{"line":39,"column":57}},"20":{"start":{"line":40,"column":31},"end":{"line":40,"column":66}},"21":{"start":{"line":41,"column":8},"end":{"line":41,"column":78}},"22":{"start":{"line":42,"column":8},"end":{"line":42,"column":43}},"23":{"start":{"line":46,"column":26},"end":{"line":46,"column":72}},"24":{"start":{"line":47,"column":26},"end":{"line":47,"column":70}},"25":{"start":{"line":48,"column":8},"end":{"line":48,"column":56}},"26":{"start":{"line":49,"column":22},"end":{"line":49,"column":46}},"27":{"start":{"line":50,"column":8},"end":{"line":50,"column":68}},"28":{"start":{"line":51,"column":8},"end":{"line":51,"column":56}},"29":{"start":{"line":52,"column":31},"end":{"line":52,"column":66}},"30":{"start":{"line":53,"column":8},"end":{"line":53,"column":43}},"31":{"start":{"line":57,"column":26},"end":{"line":57,"column":72}},"32":{"start":{"line":58,"column":24},"end":{"line":58,"column":68}},"33":{"start":{"line":59,"column":36},"end":{"line":59,"column":68}},"34":{"start":{"line":60,"column":8},"end":{"line":63,"column":10}},"35":{"start":{"line":64,"column":8},"end":{"line":64,"column":47}},"36":{"start":{"line":65,"column":8},"end":{"line":65,"column":56}},"37":{"start":{"line":66,"column":8},"end":{"line":66,"column":93}},"38":{"start":{"line":67,"column":8},"end":{"line":67,"column":66}},"39":{"start":{"line":68,"column":8},"end":{"line":68,"column":65}},"40":{"start":{"line":69,"column":8},"end":{"line":69,"column":65}},"41":{"start":{"line":70,"column":8},"end":{"line":70,"column":51}},"42":{"start":{"line":75,"column":0},"end":{"line":75,"column":29}}},"fnMap":{"0":{"name":"(anonymous_0)","decl":{"start":{"line":12,"column":4},"end":{"line":12,"column":5}},"loc":{"start":{"line":12,"column":72},"end":{"line":16,"column":5}},"line":12},"1":{"name":"(anonymous_1)","decl":{"start":{"line":19,"column":4},"end":{"line":19,"column":5}},"loc":{"start":{"line":19,"column":20},"end":{"line":28,"column":5}},"line":19},"2":{"name":"(anonymous_2)","decl":{"start":{"line":30,"column":4},"end":{"line":30,"column":5}},"loc":{"start":{"line":30,"column":22},"end":{"line":43,"column":5}},"line":30},"3":{"name":"(anonymous_3)","decl":{"start":{"line":45,"column":4},"end":{"line":45,"column":5}},"loc":{"start":{"line":45,"column":32},"end":{"line":54,"column":5}},"line":45},"4":{"name":"(anonymous_4)","decl":{"start":{"line":56,"column":4},"end":{"line":56,"column":5}},"loc":{"start":{"line":56,"column":29},"end":{"line":71,"column":5}},"line":56}},"branchMap":{"0":{"loc":{"start":{"line":12,"column":16},"end":{"line":12,"column":38}},"type":"default-arg","locations":[{"start":{"line":12,"column":34},"end":{"line":12,"column":38}}],"line":12},"1":{"loc":{"start":{"line":12,"column":55},"end":{"line":12,"column":71}},"type":"default-arg","locations":[{"start":{"line":12,"column":67},"end":{"line":12,"column":71}}],"line":12}},"s":{"0":4,"1":4,"2":4,"3":2,"4":2,"5":2,"6":0,"7":0,"8":0,"9":0,"10":0,"11":1,"12":1,"13":1,"14":1,"15":1,"16":1,"17":1,"18":1,"19":1,"20":1,"21":1,"22":1,"23":0,"24":0,"25":0,"26":0,"27":0,"28":0,"29":0,"30":0,"31":1,"32":1,"33":1,"34":1,"35":1,"36":1,"37":1,"38":1,"39":1,"40":1,"41":1,"42":4},"f":{"0":2,"1":0,"2":1,"3":0,"4":1},"b":{"0":[0],"1":[0]},"_coverageSchema":"43e27e138ebf9cfc5966b082cf9a028302ed4184","hash":"0cb1c53d5be8611badfa2c7f43cf2b370e82de35"}
}
