TN:
SF:C:\Users\DJETHA\eclipse-workspace\Application\Web\simply-chat\api\middlewares\authHandler.js
FN:14,(anonymous_0)
FN:23,(anonymous_1)
FN:66,(anonymous_2)
FN:75,(anonymous_3)
FN:106,(anonymous_4)
FN:115,(anonymous_5)
FNF:6
FNH:6
FNDA:2,(anonymous_0)
FNDA:2,(anonymous_1)
FNDA:28,(anonymous_2)
FNDA:28,(anonymous_3)
FNDA:29,(anonymous_4)
FNDA:29,(anonymous_5)
DA:1,4
DA:2,4
DA:3,4
DA:14,4
DA:15,2
DA:16,2
DA:17,2
DA:18,0
DA:23,2
DA:24,2
DA:25,1
DA:30,1
DA:31,1
DA:32,0
DA:37,1
DA:38,1
DA:39,1
DA:49,0
DA:66,4
DA:67,28
DA:68,28
DA:69,28
DA:70,0
DA:75,28
DA:76,28
DA:77,28
DA:78,28
DA:81,0
DA:89,0
DA:106,4
DA:107,29
DA:108,29
DA:109,29
DA:110,0
DA:115,29
DA:116,29
DA:117,29
DA:118,29
DA:119,28
DA:122,28
DA:123,28
DA:124,28
DA:125,28
DA:128,1
DA:136,0
DA:143,4
LF:46
LH:38
BRDA:17,0,0,0
BRDA:17,0,1,2
BRDA:24,1,0,1
BRDA:24,1,1,1
BRDA:31,2,0,0
BRDA:31,2,1,1
BRDA:69,3,0,0
BRDA:69,3,1,28
BRDA:76,4,0,28
BRDA:76,4,1,0
BRDA:109,5,0,0
BRDA:109,5,1,29
BRDA:118,6,0,28
BRDA:118,6,1,1
BRDA:118,7,0,29
BRDA:118,7,1,29
BRF:16
BRH:11
end_of_record
TN:
SF:C:\Users\DJETHA\eclipse-workspace\Application\Web\simply-chat\api\middlewares\errorHandler.js
FN:13,errorHandler
FNF:1
FNH:1
FNDA:4,errorHandler
DA:1,4
DA:14,4
DA:15,4
DA:20,4
LF:4
LH:4
BRDA:15,0,0,4
BRDA:15,0,1,2
BRDA:16,1,0,4
BRDA:16,1,1,0
BRF:4
BRH:3
end_of_record
TN:
SF:C:\Users\DJETHA\eclipse-workspace\Application\Web\simply-chat\api\middlewares\index.js
FNF:0
FNH:0
DA:1,4
DA:2,4
DA:4,4
LF:3
LH:3
BRF:0
BRH:0
end_of_record
TN:
SF:C:\Users\DJETHA\eclipse-workspace\Application\Web\simply-chat\api\routes\auth.js
FN:13,(anonymous_0)
FN:27,(anonymous_1)
FN:57,(anonymous_2)
FNF:3
FNH:1
FNDA:0,(anonymous_0)
FNDA:0,(anonymous_1)
FNDA:13,(anonymous_2)
DA:1,4
DA:2,4
DA:3,4
DA:4,4
DA:5,4
DA:6,4
DA:7,4
DA:10,4
DA:14,0
DA:18,4
DA:25,4
DA:27,4
DA:28,0
DA:29,0
DA:30,0
DA:31,0
DA:33,0
DA:34,0
DA:35,0
DA:36,0
DA:37,0
DA:38,0
DA:47,0
DA:48,0
DA:50,0
DA:57,4
DA:58,13
DA:59,13
DA:60,13
DA:61,13
DA:62,13
DA:71,0
DA:78,4
LF:33
LH:18
BRDA:30,0,0,0
BRDA:30,0,1,0
BRDA:47,1,0,0
BRDA:47,1,1,0
BRF:4
BRH:0
end_of_record
TN:
SF:C:\Users\DJETHA\eclipse-workspace\Application\Web\simply-chat\api\routes\event.js
FN:6,(anonymous_0)
FN:27,(anonymous_1)
FN:43,(anonymous_2)
FN:61,(anonymous_3)
FNF:4
FNH:3
FNDA:1,(anonymous_0)
FNDA:0,(anonymous_1)
FNDA:2,(anonymous_2)
FNDA:1,(anonymous_3)
DA:1,4
DA:2,4
DA:3,4
DA:4,4
DA:6,4
DA:7,1
DA:8,1
DA:9,1
DA:10,1
DA:11,1
DA:12,1
DA:22,0
DA:27,4
DA:28,0
DA:29,0
DA:30,0
DA:31,0
DA:32,0
DA:38,0
DA:43,4
DA:45,2
DA:46,2
DA:47,2
DA:48,2
DA:49,2
DA:50,1
DA:56,1
DA:61,4
DA:63,1
DA:64,1
DA:65,1
DA:66,1
DA:67,1
DA:68,1
DA:74,0
DA:78,4
LF:36
LH:28
BRF:0
BRH:0
end_of_record
TN:
SF:C:\Users\DJETHA\eclipse-workspace\Application\Web\simply-chat\api\routes\group.js
FN:7,(anonymous_0)
FN:29,(anonymous_1)
FN:45,(anonymous_2)
FN:63,(anonymous_3)
FN:80,(anonymous_4)
FNF:5
FNH:2
FNDA:0,(anonymous_0)
FNDA:0,(anonymous_1)
FNDA:2,(anonymous_2)
FNDA:1,(anonymous_3)
FNDA:0,(anonymous_4)
DA:1,4
DA:2,4
DA:3,4
DA:4,4
DA:5,4
DA:7,4
DA:8,0
DA:9,0
DA:10,0
DA:11,0
DA:12,0
DA:21,0
DA:22,0
DA:24,0
DA:29,4
DA:30,0
DA:31,0
DA:32,0
DA:33,0
DA:34,0
DA:40,0
DA:45,4
DA:47,2
DA:48,2
DA:49,2
DA:50,2
DA:51,2
DA:52,1
DA:58,1
DA:63,4
DA:65,1
DA:66,1
DA:67,1
DA:68,1
DA:69,1
DA:70,1
DA:76,0
DA:80,4
DA:81,0
DA:82,0
DA:83,0
DA:84,0
DA:90,0
DA:98,4
LF:44
LH:24
BRDA:21,0,0,0
BRDA:21,0,1,0
BRF:2
BRH:0
end_of_record
TN:
SF:C:\Users\DJETHA\eclipse-workspace\Application\Web\simply-chat\api\routes\index.js
FNF:0
FNH:0
DA:1,4
DA:2,4
DA:3,4
DA:4,4
DA:5,4
DA:6,4
LF:6
LH:6
BRF:0
BRH:0
end_of_record
TN:
SF:C:\Users\DJETHA\eclipse-workspace\Application\Web\simply-chat\api\routes\messages.js
FN:5,(anonymous_0)
FN:28,(anonymous_1)
FNF:2
FNH:0
FNDA:0,(anonymous_0)
FNDA:0,(anonymous_1)
DA:1,4
DA:2,4
DA:3,4
DA:5,4
DA:6,0
DA:7,0
DA:13,0
DA:14,0
DA:24,0
DA:28,4
DA:30,0
DA:31,0
DA:35,0
DA:36,0
DA:43,0
DA:46,4
LF:16
LH:6
BRF:0
BRH:0
end_of_record
TN:
SF:C:\Users\DJETHA\eclipse-workspace\Application\Web\simply-chat\api\routes\public.js
FN:6,(anonymous_0)
FN:20,(anonymous_1)
FN:34,(anonymous_2)
FNF:3
FNH:0
FNDA:0,(anonymous_0)
FNDA:0,(anonymous_1)
FNDA:0,(anonymous_2)
DA:1,4
DA:2,4
DA:3,4
DA:4,4
DA:6,4
DA:7,0
DA:8,0
DA:9,0
DA:10,0
DA:16,0
DA:20,4
DA:21,0
DA:22,0
DA:23,0
DA:24,0
DA:30,0
DA:34,4
DA:35,0
DA:36,0
DA:37,0
DA:38,0
DA:39,0
DA:44,0
DA:50,4
LF:24
LH:8
BRF:0
BRH:0
end_of_record
TN:
SF:C:\Users\DJETHA\eclipse-workspace\Application\Web\simply-chat\api\routes\user.js
FN:8,(anonymous_0)
FN:24,(anonymous_1)
FN:46,(anonymous_2)
FN:67,(anonymous_3)
FN:90,(anonymous_4)
FN:101,(anonymous_5)
FN:113,(anonymous_6)
FNF:7
FNH:2
FNDA:0,(anonymous_0)
FNDA:1,(anonymous_1)
FNDA:1,(anonymous_2)
FNDA:0,(anonymous_3)
FNDA:0,(anonymous_4)
FNDA:0,(anonymous_5)
FNDA:0,(anonymous_6)
DA:1,4
DA:2,4
DA:3,4
DA:4,4
DA:5,4
DA:6,4
DA:8,4
DA:9,0
DA:10,0
DA:11,0
DA:12,0
DA:13,0
DA:14,0
DA:20,0
DA:24,4
DA:25,1
DA:26,1
DA:31,1
DA:32,1
DA:41,0
DA:46,4
DA:47,1
DA:48,1
DA:53,1
DA:54,1
DA:63,0
DA:67,4
DA:68,0
DA:69,0
DA:74,0
DA:75,0
DA:85,0
DA:90,4
DA:91,0
DA:92,0
DA:93,0
DA:94,0
DA:102,0
DA:103,0
DA:104,0
DA:110,0
DA:114,0
DA:121,4
LF:43
LH:20
BRDA:102,0,0,0
BRDA:102,0,1,0
BRF:2
BRH:0
end_of_record
TN:
SF:C:\Users\DJETHA\eclipse-workspace\Application\Web\simply-chat\config\index.js
FNF:0
FNH:0
DA:1,4
DA:2,4
DA:3,4
DA:5,4
LF:4
LH:4
BRDA:3,0,0,4
BRDA:3,0,1,0
BRDA:6,1,0,4
BRDA:6,1,1,4
BRF:4
BRH:3
end_of_record
TN:
SF:C:\Users\DJETHA\eclipse-workspace\Application\Web\simply-chat\loaders\app.js
FN:23,(anonymous_0)
FNF:1
FNH:0
FNDA:0,(anonymous_0)
DA:1,4
DA:2,4
DA:3,4
DA:4,4
DA:5,4
DA:6,4
DA:10,4
DA:11,4
DA:15,4
DA:16,4
DA:17,4
DA:20,4
DA:21,0
DA:22,0
DA:23,0
DA:24,0
DA:28,4
DA:29,4
DA:33,4
LF:19
LH:15
BRDA:20,0,0,0
BRDA:20,0,1,4
BRF:2
BRH:1
end_of_record
TN:
SF:C:\Users\DJETHA\eclipse-workspace\Application\Web\simply-chat\loaders\cloudinary.js
FN:4,(anonymous_0)
FNF:1
FNH:1
FNDA:25,(anonymous_0)
DA:1,4
DA:2,4
DA:4,4
DA:5,25
DA:10,25
LF:5
LH:5
BRF:0
BRH:0
end_of_record
TN:
SF:C:\Users\DJETHA\eclipse-workspace\Application\Web\simply-chat\loaders\db.js
FN:10,(anonymous_0)
FN:14,(anonymous_1)
FN:18,(anonymous_2)
FNF:3
FNH:2
FNDA:4,(anonymous_0)
FNDA:0,(anonymous_1)
FNDA:4,(anonymous_2)
DA:1,4
DA:2,4
DA:3,4
DA:4,4
DA:10,4
DA:11,4
DA:12,4
DA:13,0
DA:14,0
DA:17,4
DA:18,4
DA:20,4
DA:21,4
LF:13
LH:11
BRDA:12,0,0,0
BRDA:12,0,1,4
BRF:2
BRH:1
end_of_record
TN:
SF:C:\Users\DJETHA\eclipse-workspace\Application\Web\simply-chat\loaders\logger.js
FN:3,(anonymous_0)
FN:12,(anonymous_1)
FN:24,(anonymous_2)
FNF:3
FNH:3
FNDA:85,(anonymous_0)
FNDA:85,(anonymous_1)
FNDA:85,(anonymous_2)
DA:1,4
DA:3,85
DA:5,4
DA:13,85
DA:14,85
DA:24,4
DA:25,85
DA:31,4
LF:8
LH:8
BRF:0
BRH:0
end_of_record
TN:
SF:C:\Users\DJETHA\eclipse-workspace\Application\Web\simply-chat\loaders\routes.js
FN:8,(anonymous_0)
FNF:1
FNH:1
FNDA:4,(anonymous_0)
DA:1,4
DA:2,4
DA:8,4
DA:9,4
DA:10,4
DA:11,4
DA:12,4
DA:16,4
DA:20,4
DA:24,4
DA:28,4
LF:11
LH:11
BRF:0
BRH:0
end_of_record
TN:
SF:C:\Users\DJETHA\eclipse-workspace\Application\Web\simply-chat\models\event.js
FN:31,(anonymous_0)
FN:39,(anonymous_1)
FN:41,(anonymous_2)
FNF:3
FNH:2
FNDA:0,(anonymous_0)
FNDA:1,(anonymous_1)
FNDA:1,(anonymous_2)
DA:1,4
DA:2,4
DA:4,4
DA:5,4
DA:31,4
DA:32,0
DA:35,0
DA:36,0
DA:39,4
DA:40,1
DA:41,1
DA:42,1
DA:43,1
DA:45,4
LF:14
LH:11
BRF:0
BRH:0
end_of_record
TN:
SF:C:\Users\DJETHA\eclipse-workspace\Application\Web\simply-chat\models\group.js
FN:26,(anonymous_0)
FN:28,(anonymous_1)
FNF:2
FNH:2
FNDA:1,(anonymous_0)
FNDA:2,(anonymous_1)
DA:1,4
DA:2,4
DA:4,4
DA:26,4
DA:27,1
DA:28,2
DA:29,1
DA:30,1
DA:33,4
LF:9
LH:9
BRF:0
BRH:0
end_of_record
TN:
SF:C:\Users\DJETHA\eclipse-workspace\Application\Web\simply-chat\models\index.js
FNF:0
FNH:0
DA:1,4
DA:2,4
DA:3,4
DA:4,4
DA:5,4
LF:5
LH:5
BRF:0
BRH:0
end_of_record
TN:
SF:C:\Users\DJETHA\eclipse-workspace\Application\Web\simply-chat\models\messages.js
FNF:0
FNH:0
DA:1,4
DA:2,4
DA:4,4
DA:22,4
LF:4
LH:4
BRF:0
BRH:0
end_of_record
TN:
SF:C:\Users\DJETHA\eclipse-workspace\Application\Web\simply-chat\models\room.js
FN:20,(anonymous_0)
FN:24,(anonymous_1)
FN:40,(anonymous_2)
FN:42,(anonymous_3)
FNF:4
FNH:0
FNDA:0,(anonymous_0)
FNDA:0,(anonymous_1)
FNDA:0,(anonymous_2)
FNDA:0,(anonymous_3)
DA:1,4
DA:2,4
DA:3,4
DA:5,4
DA:20,4
DA:21,0
DA:22,0
DA:23,0
DA:24,0
DA:25,0
DA:26,0
DA:30,0
DA:31,0
DA:32,0
DA:40,4
DA:41,0
DA:42,0
DA:43,0
DA:44,0
DA:47,4
LF:20
LH:7
BRDA:25,0,0,0
BRDA:25,0,1,0
BRDA:25,1,0,0
BRDA:25,1,1,0
BRF:4
BRH:0
end_of_record
TN:
SF:C:\Users\DJETHA\eclipse-workspace\Application\Web\simply-chat\models\user.js
FN:72,(anonymous_0)
FN:83,(anonymous_1)
FN:94,(anonymous_2)
FN:102,(anonymous_3)
FN:105,(anonymous_4)
FN:125,(anonymous_5)
FN:130,(anonymous_6)
FN:133,(anonymous_7)
FN:147,(anonymous_8)
FN:150,(anonymous_9)
FN:171,(anonymous_10)
FN:174,(anonymous_11)
FN:188,(anonymous_12)
FN:191,(anonymous_13)
FN:207,(anonymous_14)
FN:215,(anonymous_15)
FN:217,(anonymous_16)
FNF:17
FNH:9
FNDA:0,(anonymous_0)
FNDA:13,(anonymous_1)
FNDA:0,(anonymous_2)
FNDA:2,(anonymous_3)
FNDA:2,(anonymous_4)
FNDA:1,(anonymous_5)
FNDA:1,(anonymous_6)
FNDA:0,(anonymous_7)
FNDA:1,(anonymous_8)
FNDA:0,(anonymous_9)
FNDA:0,(anonymous_10)
FNDA:0,(anonymous_11)
FNDA:0,(anonymous_12)
FNDA:0,(anonymous_13)
FNDA:47,(anonymous_14)
FNDA:1,(anonymous_15)
FNDA:2,(anonymous_16)
DA:1,4
DA:2,4
DA:3,4
DA:4,4
DA:5,4
DA:72,4
DA:73,0
DA:75,0
DA:76,0
DA:78,0
DA:83,4
DA:84,13
DA:86,13
DA:87,13
DA:90,0
DA:94,4
DA:95,0
DA:96,0
DA:98,0
DA:102,4
DA:103,2
DA:104,2
DA:105,2
DA:106,2
DA:108,2
DA:109,2
DA:112,0
DA:116,0
DA:117,0
DA:120,0
DA:125,4
DA:126,1
DA:127,1
DA:128,1
DA:130,1
DA:131,1
DA:133,1
DA:134,0
DA:136,1
DA:137,1
DA:138,1
DA:142,0
DA:147,4
DA:148,1
DA:149,1
DA:150,1
DA:151,0
DA:153,1
DA:154,0
DA:157,1
DA:162,1
DA:163,1
DA:166,0
DA:171,4
DA:172,0
DA:173,0
DA:174,0
DA:175,0
DA:177,0
DA:178,0
DA:180,0
DA:181,0
DA:188,4
DA:189,0
DA:190,0
DA:191,0
DA:192,0
DA:195,0
DA:196,0
DA:198,0
DA:207,4
DA:209,47
DA:210,47
DA:211,47
DA:212,47
DA:215,4
DA:216,1
DA:217,1
DA:218,2
DA:219,2
DA:220,2
DA:221,2
DA:222,2
DA:225,0
DA:232,4
LF:85
LH:52
BRDA:108,0,0,2
BRDA:108,0,1,0
BRDA:153,1,0,0
BRDA:153,1,1,1
BRDA:177,2,0,0
BRDA:177,2,1,0
BRDA:195,3,0,0
BRDA:195,3,1,0
BRF:8
BRH:2
end_of_record
TN:
SF:C:\Users\DJETHA\eclipse-workspace\Application\Web\simply-chat\services\auth.js
FN:10,(anonymous_0)
FN:20,(anonymous_1)
FN:31,(anonymous_2)
FN:41,(anonymous_3)
FN:57,(anonymous_4)
FNF:5
FNH:3
FNDA:13,(anonymous_0)
FNDA:13,(anonymous_1)
FNDA:0,(anonymous_2)
FNDA:0,(anonymous_3)
FNDA:13,(anonymous_4)
DA:1,4
DA:2,4
DA:3,4
DA:11,13
DA:12,13
DA:21,13
DA:26,13
DA:32,0
DA:35,0
DA:36,0
DA:37,0
DA:38,0
DA:42,0
DA:43,0
DA:44,0
DA:45,0
DA:46,0
DA:47,0
DA:49,0
DA:51,0
DA:52,0
DA:53,0
DA:54,0
DA:58,13
DA:59,13
DA:60,13
DA:61,0
DA:63,13
DA:64,13
DA:65,13
DA:66,13
DA:67,13
DA:70,0
DA:78,4
LF:34
LH:16
BRDA:10,0,0,13
BRDA:46,1,0,0
BRDA:46,1,1,0
BRDA:60,2,0,0
BRDA:60,2,1,13
BRDA:64,3,0,13
BRDA:64,3,1,0
BRF:7
BRH:3
end_of_record
TN:
SF:C:\Users\DJETHA\eclipse-workspace\Application\Web\simply-chat\services\chat.js
FN:9,(anonymous_0)
FN:19,(anonymous_1)
FN:22,(anonymous_2)
FN:31,(anonymous_3)
FN:45,(anonymous_4)
FN:63,(anonymous_5)
FN:70,(anonymous_6)
FN:90,(anonymous_7)
FN:107,(anonymous_8)
FN:113,(anonymous_9)
FN:115,(anonymous_10)
FN:116,(anonymous_11)
FN:124,(anonymous_12)
FN:140,(anonymous_13)
FN:153,(anonymous_14)
FN:163,(anonymous_15)
FN:167,(anonymous_16)
FN:169,(anonymous_17)
FNF:18
FNH:0
FNDA:0,(anonymous_0)
FNDA:0,(anonymous_1)
FNDA:0,(anonymous_2)
FNDA:0,(anonymous_3)
FNDA:0,(anonymous_4)
FNDA:0,(anonymous_5)
FNDA:0,(anonymous_6)
FNDA:0,(anonymous_7)
FNDA:0,(anonymous_8)
FNDA:0,(anonymous_9)
FNDA:0,(anonymous_10)
FNDA:0,(anonymous_11)
FNDA:0,(anonymous_12)
FNDA:0,(anonymous_13)
FNDA:0,(anonymous_14)
FNDA:0,(anonymous_15)
FNDA:0,(anonymous_16)
FNDA:0,(anonymous_17)
DA:1,4
DA:2,4
DA:3,4
DA:10,0
DA:13,0
DA:14,0
DA:15,0
DA:16,0
DA:20,0
DA:21,0
DA:22,0
DA:23,0
DA:28,0
DA:31,0
DA:32,0
DA:36,0
DA:38,0
DA:41,0
DA:42,0
DA:46,0
DA:47,0
DA:50,0
DA:51,0
DA:53,0
DA:56,0
DA:57,0
DA:64,0
DA:65,0
DA:66,0
DA:67,0
DA:68,0
DA:69,0
DA:70,0
DA:71,0
DA:72,0
DA:77,0
DA:78,0
DA:82,0
DA:86,0
DA:91,0
DA:92,0
DA:93,0
DA:94,0
DA:95,0
DA:98,0
DA:99,0
DA:103,0
DA:108,0
DA:111,0
DA:112,0
DA:113,0
DA:115,0
DA:116,0
DA:120,0
DA:121,0
DA:125,0
DA:128,0
DA:131,0
DA:132,0
DA:134,0
DA:141,0
DA:142,0
DA:145,0
DA:146,0
DA:147,0
DA:148,0
DA:149,0
DA:154,0
DA:157,0
DA:158,0
DA:159,0
DA:164,0
DA:165,0
DA:166,0
DA:167,0
DA:169,0
DA:174,0
DA:181,4
LF:78
LH:4
BRDA:22,0,0,0
BRDA:22,0,1,0
BRDA:32,1,0,0
BRDA:32,1,1,0
BRDA:50,2,0,0
BRDA:50,2,1,0
BRDA:67,3,0,0
BRDA:67,3,1,0
BRDA:69,4,0,0
BRDA:69,4,1,0
BRDA:70,5,0,0
BRDA:70,5,1,0
BRDA:98,6,0,0
BRDA:98,6,1,0
BRDA:145,7,0,0
BRDA:145,7,1,0
BRF:16
BRH:0
end_of_record
TN:
SF:C:\Users\DJETHA\eclipse-workspace\Application\Web\simply-chat\services\event.js
FN:12,(anonymous_0)
FN:23,(anonymous_1)
FN:35,(anonymous_2)
FN:48,(anonymous_3)
FN:61,(anonymous_4)
FNF:5
FNH:4
FNDA:4,(anonymous_0)
FNDA:1,(anonymous_1)
FNDA:2,(anonymous_2)
FNDA:1,(anonymous_3)
FNDA:0,(anonymous_4)
DA:1,4
DA:2,4
DA:13,4
DA:14,4
DA:15,4
DA:24,1
DA:25,1
DA:26,1
DA:27,1
DA:28,1
DA:36,2
DA:37,1
DA:38,1
DA:39,1
DA:40,1
DA:41,1
DA:49,1
DA:50,1
DA:51,1
DA:52,1
DA:53,1
DA:54,1
DA:62,0
DA:63,0
DA:64,0
DA:69,4
LF:26
LH:23
BRDA:12,0,0,0
BRDA:12,1,0,0
BRDA:12,2,0,1
BRF:3
BRH:1
end_of_record
TN:
SF:C:\Users\DJETHA\eclipse-workspace\Application\Web\simply-chat\services\group.js
FN:13,(anonymous_0)
FN:24,(anonymous_1)
FN:35,(anonymous_2)
FN:48,(anonymous_3)
FN:57,(anonymous_4)
FNF:5
FNH:3
FNDA:3,(anonymous_0)
FNDA:0,(anonymous_1)
FNDA:2,(anonymous_2)
FNDA:1,(anonymous_3)
FNDA:0,(anonymous_4)
DA:1,4
DA:2,4
DA:14,3
DA:15,3
DA:16,3
DA:25,0
DA:26,0
DA:27,0
DA:28,0
DA:36,2
DA:37,1
DA:38,1
DA:39,1
DA:40,1
DA:41,1
DA:49,1
DA:50,1
DA:51,1
DA:52,1
DA:53,1
DA:54,1
DA:58,0
DA:59,0
DA:60,0
DA:65,4
LF:25
LH:18
BRDA:13,0,0,0
BRDA:13,1,0,0
BRDA:13,2,0,0
BRF:3
BRH:0
end_of_record
TN:
SF:C:\Users\DJETHA\eclipse-workspace\Application\Web\simply-chat\services\index.js
FNF:0
FNH:0
DA:1,4
DA:2,4
DA:3,4
DA:4,4
DA:5,4
DA:6,4
LF:6
LH:6
BRF:0
BRH:0
end_of_record
TN:
SF:C:\Users\DJETHA\eclipse-workspace\Application\Web\simply-chat\services\messages.js
FN:13,(anonymous_0)
FN:24,(anonymous_1)
FN:44,(anonymous_2)
FNF:3
FNH:0
FNDA:0,(anonymous_0)
FNDA:0,(anonymous_1)
FNDA:0,(anonymous_2)
DA:1,4
DA:2,4
DA:3,4
DA:14,0
DA:15,0
DA:16,0
DA:17,0
DA:25,0
DA:26,0
DA:27,0
DA:32,0
DA:33,0
DA:34,0
DA:35,0
DA:36,0
DA:37,0
DA:45,0
DA:46,0
DA:47,0
DA:48,0
DA:52,4
LF:21
LH:4
BRDA:13,0,0,0
BRDA:13,1,0,0
BRF:2
BRH:0
end_of_record
TN:
SF:C:\Users\DJETHA\eclipse-workspace\Application\Web\simply-chat\services\user.js
FN:12,(anonymous_0)
FN:19,(anonymous_1)
FN:30,(anonymous_2)
FN:45,(anonymous_3)
FN:56,(anonymous_4)
FNF:5
FNH:3
FNDA:2,(anonymous_0)
FNDA:0,(anonymous_1)
FNDA:1,(anonymous_2)
FNDA:0,(anonymous_3)
FNDA:1,(anonymous_4)
DA:1,4
DA:2,4
DA:3,4
DA:13,2
DA:14,2
DA:15,2
DA:20,0
DA:22,0
DA:23,0
DA:24,0
DA:26,0
DA:31,1
DA:32,1
DA:33,1
DA:34,1
DA:35,1
DA:36,1
DA:37,1
DA:38,1
DA:39,1
DA:40,1
DA:41,1
DA:42,1
DA:46,0
DA:47,0
DA:48,0
DA:49,0
DA:50,0
DA:51,0
DA:52,0
DA:53,0
DA:57,1
DA:58,1
DA:59,1
DA:60,1
DA:64,1
DA:65,1
DA:66,1
DA:67,1
DA:68,1
DA:69,1
DA:70,1
DA:75,4
LF:43
LH:30
BRDA:12,0,0,0
BRDA:12,1,0,0
BRF:2
BRH:0
end_of_record
